Using pre-set license
Built from '2020.3/release' branch; Version is '2020.3.31f1 (6b54b7616050) revision 7034039'; Using compiler version '192528614'; Build Type 'Release'
OS: 'Windows 10  (10.0.19043) 64bit Core' Language: 'en' Physical Memory: 16151 MB
BatchMode: 1, IsHumanControllingUs: 0, StartBugReporterOnCrash: 0, Is64bit: 1, IsPro: 0

COMMAND LINE ARGUMENTS:
C:\Program Files\Unity\Hub\Editor\2020.3.31f1\Editor\Unity.exe
-adb2
-batchMode
-noUpm
-name
AssetImportWorker0
-projectPath
D:/Brackeys GJAM/Are-you-Alone/You're NOT Real
-logFile
Logs/AssetImportWorker0.log
-srvPort
52986
Successfully changed project path to: D:/Brackeys GJAM/Are-you-Alone/You're NOT Real
D:/Brackeys GJAM/Are-you-Alone/You're NOT Real
Using Asset Import Pipeline V2.
Refreshing native plugins compatible for Editor in 29.17 ms, found 2 plugins.
Preloading 0 native plugins for Editor in 0.00 ms.
Initialize engine version: 2020.3.31f1 (6b54b7616050)
[Subsystems] Discovering subsystems at path C:/Program Files/Unity/Hub/Editor/2020.3.31f1/Editor/Data/Resources/UnitySubsystems
[Subsystems] Discovering subsystems at path D:/Brackeys GJAM/Are-you-Alone/You're NOT Real/Assets
GfxDevice: creating device client; threaded=0
Direct3D:
    Version:  Direct3D 11.0 [level 11.1]
    Renderer: NVIDIA GeForce RTX 2060 (ID=0x1f15)
    Vendor:   
    VRAM:     5980 MB
    Driver:   31.0.15.1659
Initialize mono
Mono path[0] = 'C:/Program Files/Unity/Hub/Editor/2020.3.31f1/Editor/Data/Managed'
Mono path[1] = 'C:/Program Files/Unity/Hub/Editor/2020.3.31f1/Editor/Data/MonoBleedingEdge/lib/mono/unityjit'
Mono config path = 'C:/Program Files/Unity/Hub/Editor/2020.3.31f1/Editor/Data/MonoBleedingEdge/etc'
Using monoOptions --debugger-agent=transport=dt_socket,embedding=1,server=y,suspend=n,address=127.0.0.1:56976
Begin MonoManager ReloadAssembly
Registering precompiled unity dll's ...
Register platform support module: C:/Program Files/Unity/Hub/Editor/2020.3.31f1/Editor/Data/PlaybackEngines/WindowsStandaloneSupport/UnityEditor.WindowsStandalone.Extensions.dll
Registered in 0.002337 seconds.
Native extension for WindowsStandalone target not found
Refreshing native plugins compatible for Editor in 29.87 ms, found 2 plugins.
Preloading 0 native plugins for Editor in 0.00 ms.
Mono: successfully reloaded assembly
- Completed reload, in  0.586 seconds
Domain Reload Profiling:
	ReloadAssembly (586ms)
		BeginReloadAssembly (67ms)
			ExecutionOrderSort (0ms)
			DisableScriptedObjects (0ms)
			BackupInstance (0ms)
			ReleaseScriptingObjects (0ms)
			CreateAndSetChildDomain (1ms)
		EndReloadAssembly (444ms)
			LoadAssemblies (64ms)
			RebuildTransferFunctionScriptingTraits (0ms)
			SetupTypeCache (150ms)
			ReleaseScriptCaches (0ms)
			RebuildScriptCaches (32ms)
			SetupLoadedEditorAssemblies (157ms)
				LogAssemblyErrors (0ms)
				InitializePlatformSupportModulesInManaged (4ms)
				SetLoadedEditorAssemblies (0ms)
				RefreshPlugins (30ms)
				BeforeProcessingInitializeOnLoad (8ms)
				ProcessInitializeOnLoadAttributes (85ms)
				ProcessInitializeOnLoadMethodAttributes (29ms)
				AfterProcessingInitializeOnLoad (0ms)
				EditorAssembliesLoaded (0ms)
			ExecutionOrderSort2 (0ms)
			AwakeInstancesAfterBackupRestoration (0ms)
Platform modules already initialized, skipping
Registering precompiled user dll's ...
Registered in 0.002354 seconds.
Begin MonoManager ReloadAssembly
Native extension for WindowsStandalone target not found
Refreshing native plugins compatible for Editor in 0.36 ms, found 2 plugins.
Preloading 0 native plugins for Editor in 0.00 ms.
Mono: successfully reloaded assembly
- Completed reload, in  1.059 seconds
Domain Reload Profiling:
	ReloadAssembly (1060ms)
		BeginReloadAssembly (158ms)
			ExecutionOrderSort (0ms)
			DisableScriptedObjects (5ms)
			BackupInstance (0ms)
			ReleaseScriptingObjects (0ms)
			CreateAndSetChildDomain (20ms)
		EndReloadAssembly (837ms)
			LoadAssemblies (96ms)
			RebuildTransferFunctionScriptingTraits (0ms)
			SetupTypeCache (286ms)
			ReleaseScriptCaches (0ms)
			RebuildScriptCaches (46ms)
			SetupLoadedEditorAssemblies (314ms)
				LogAssemblyErrors (0ms)
				InitializePlatformSupportModulesInManaged (5ms)
				SetLoadedEditorAssemblies (1ms)
				RefreshPlugins (0ms)
				BeforeProcessingInitializeOnLoad (59ms)
				ProcessInitializeOnLoadAttributes (230ms)
				ProcessInitializeOnLoadMethodAttributes (10ms)
				AfterProcessingInitializeOnLoad (9ms)
				EditorAssembliesLoaded (0ms)
			ExecutionOrderSort2 (0ms)
			AwakeInstancesAfterBackupRestoration (8ms)
Platform modules already initialized, skipping
========================================================================
Worker process is ready to serve import requests
Launched and connected shader compiler UnityShaderCompiler.exe after 0.12 seconds
Refreshing native plugins compatible for Editor in 0.35 ms, found 2 plugins.
Preloading 0 native plugins for Editor in 0.00 ms.
Unloading 1509 Unused Serialized files (Serialized files now loaded: 0)
System memory in use before: 68.9 MB.
System memory in use after: 68.9 MB.

Unloading 16 unused Assets to reduce memory usage. Loaded Objects now: 1945.
Total: 2.597000 ms (FindLiveObjects: 0.122000 ms CreateObjectMapping: 0.051500 ms MarkObjects: 2.369500 ms  DeleteObjects: 0.053100 ms)

AssetImportParameters requested are different than current active one (requested -> active):
  custom:framework-win-MediaFoundation: 216162199b28c13a410421893ffa2e32 -> 
  custom:video-decoder-ogg-theora: a1e56fd34408186e4bbccfd4996cb3dc -> 
  custom:container-muxer-webm: aa71ff27fc2769a1b78a27578f13a17b -> 
  custom:container-demuxer-webm: 4f35f7cbe854078d1ac9338744f61a02 -> 
  custom:container-demuxer-ogg: 62fdf1f143b41e24485cea50d1cbac27 -> 
  custom:video-encoder-webm-vp8: eb34c28f22e8b96e1ab97ce403110664 -> 
  custom:video-decoder-webm-vp8: 9c59270c3fd7afecdb556c50c9e8de78 -> 
  custom:audio-decoder-ogg-vorbis: bf7c407c2cedff20999df2af8eb42d56 -> 
  custom:audio-encoder-webm-vorbis: bf7c407c2cedff20999df2af8eb42d56 -> 
========================================================================
Received Import Request.
  path: Assets/Scenes/Carnival.unity
  artifactKey: Guid(5bcc6c1071ceecd468f192a691d40216) Importer(815301076,1909f56bfc062723c751e8b465ee728b)
Start importing Assets/Scenes/Carnival.unity using Guid(5bcc6c1071ceecd468f192a691d40216) Importer(815301076,1909f56bfc062723c751e8b465ee728b)  -> (artifact id: '1fc904d5b2c3efa789910b8943a23f14') in 0.008001 seconds 
========================================================================
Received Import Request.
  Time since last request: 1165.624165 seconds.
  path: Assets/StylizedGrass/Grass Profile.asset
  artifactKey: Guid(ad90d254e63fed849b487d547a6add68) Importer(815301076,1909f56bfc062723c751e8b465ee728b)
Start importing Assets/StylizedGrass/Grass Profile.asset using Guid(ad90d254e63fed849b487d547a6add68) Importer(815301076,1909f56bfc062723c751e8b465ee728b)  -> (artifact id: '4d0768898f78205e06d66e47af32a546') in 0.659164 seconds 
========================================================================
Received Import Request.
  Time since last request: 0.932492 seconds.
  path: Assets/StylizedGrass/Textures
  artifactKey: Guid(52b63dcab0ff9f744bbdf988e22a34a0) Importer(815301076,1909f56bfc062723c751e8b465ee728b)
Start importing Assets/StylizedGrass/Textures using Guid(52b63dcab0ff9f744bbdf988e22a34a0) Importer(815301076,1909f56bfc062723c751e8b465ee728b)  -> (artifact id: '180b442c0d2976c1fb6e9fcf7dbcc086') in 0.005712 seconds 
========================================================================
Received Import Request.
  Time since last request: 4.179793 seconds.
  path: Assets/StylizedGrass/Textures/grassblade - tris.png
  artifactKey: Guid(985e7e68d9189054c91d32fef9faede0) Importer(815301076,1909f56bfc062723c751e8b465ee728b)
Start importing Assets/StylizedGrass/Textures/grassblade - tris.png using Guid(985e7e68d9189054c91d32fef9faede0) Importer(815301076,1909f56bfc062723c751e8b465ee728b)  -> (artifact id: '1e90f38b9e6b706978d52c0a0e2cb137') in 0.086791 seconds 
========================================================================
Received Import Request.
  Time since last request: 0.000344 seconds.
  path: Assets/StylizedGrass/Textures/Noise.tga
  artifactKey: Guid(e6b7acfca47e5344e87c9f81f984bbae) Importer(815301076,1909f56bfc062723c751e8b465ee728b)
Start importing Assets/StylizedGrass/Textures/Noise.tga using Guid(e6b7acfca47e5344e87c9f81f984bbae) Importer(815301076,1909f56bfc062723c751e8b465ee728b)  -> (artifact id: '3a7deff8eb28327ddd2366c007d89032') in 0.015708 seconds 
========================================================================
Received Import Request.
  Time since last request: 0.000222 seconds.
  path: Assets/StylizedGrass/Textures/Noise 1.tga
  artifactKey: Guid(163c89117aa55e347b46a78399b3bea3) Importer(815301076,1909f56bfc062723c751e8b465ee728b)
Start importing Assets/StylizedGrass/Textures/Noise 1.tga using Guid(163c89117aa55e347b46a78399b3bea3) Importer(815301076,1909f56bfc062723c751e8b465ee728b)  -> (artifact id: 'e46ccb78c2f94a16f8e44fb52e86ee53') in 0.012753 seconds 
========================================================================
Received Import Request.
  Time since last request: 0.000251 seconds.
  path: Assets/StylizedGrass/Textures/grassblade.png
  artifactKey: Guid(15e7dec11854bc64bac70e8cae26fd69) Importer(815301076,1909f56bfc062723c751e8b465ee728b)
Start importing Assets/StylizedGrass/Textures/grassblade.png using Guid(15e7dec11854bc64bac70e8cae26fd69) Importer(815301076,1909f56bfc062723c751e8b465ee728b)  -> (artifact id: '30e49e2b22f06d18cec4d052b966b97f') in 0.012143 seconds 
========================================================================
Received Import Request.
  Time since last request: 29.595424 seconds.
  path: Assets/StylizedGrass/Prefabs
  artifactKey: Guid(083abe7f9225e8e429192b2f32b6dcf1) Importer(815301076,1909f56bfc062723c751e8b465ee728b)
Start importing Assets/StylizedGrass/Prefabs using Guid(083abe7f9225e8e429192b2f32b6dcf1) Importer(815301076,1909f56bfc062723c751e8b465ee728b)  -> (artifact id: '91d119b79d855ad0e3e3ff622247408f') in 0.005405 seconds 
========================================================================
Received Import Request.
  Time since last request: 0.374869 seconds.
  path: Assets/StylizedGrass/Prefabs/nQuad-Circle.prefab
  artifactKey: Guid(2219690555ddaa043826f61dfc2acc1e) Importer(815301076,1909f56bfc062723c751e8b465ee728b)
Start importing Assets/StylizedGrass/Prefabs/nQuad-Circle.prefab using Guid(2219690555ddaa043826f61dfc2acc1e) Importer(815301076,1909f56bfc062723c751e8b465ee728b)  -> (artifact id: '28857c72ab535f8973fb17283280c6dd') in 0.066860 seconds 
========================================================================
Received Import Request.
  Time since last request: 0.000179 seconds.
  path: Assets/StylizedGrass/Prefabs/nQuad-Plane.prefab
  artifactKey: Guid(9bb4ac498b07a9543836ce30788d8053) Importer(815301076,1909f56bfc062723c751e8b465ee728b)
Start importing Assets/StylizedGrass/Prefabs/nQuad-Plane.prefab using Guid(9bb4ac498b07a9543836ce30788d8053) Importer(815301076,1909f56bfc062723c751e8b465ee728b)  -> (artifact id: 'b83f514a1656525f1fce947a276f8a44') in 0.014284 seconds 
========================================================================
Received Import Request.
  Time since last request: 0.000199 seconds.
  path: Assets/StylizedGrass/Prefabs/sQuad-Plane.prefab
  artifactKey: Guid(9a8ac9065f802914180ed176f029dbfa) Importer(815301076,1909f56bfc062723c751e8b465ee728b)
Start importing Assets/StylizedGrass/Prefabs/sQuad-Plane.prefab using Guid(9a8ac9065f802914180ed176f029dbfa) Importer(815301076,1909f56bfc062723c751e8b465ee728b)  -> (artifact id: '5950637c3c280746f9db2537886b4869') in 0.012358 seconds 
========================================================================
Received Import Request.
  Time since last request: 0.000222 seconds.
  path: Assets/StylizedGrass/Prefabs/sQuad-Circle.prefab
  artifactKey: Guid(ac79825ab8114b640a433b1ef6ab6ef8) Importer(815301076,1909f56bfc062723c751e8b465ee728b)
Start importing Assets/StylizedGrass/Prefabs/sQuad-Circle.prefab using Guid(ac79825ab8114b640a433b1ef6ab6ef8) Importer(815301076,1909f56bfc062723c751e8b465ee728b)  -> (artifact id: '9ea740d1f9e6c99b6965b9a85eced74f') in 0.011963 seconds 
========================================================================
Received Import Request.
  Time since last request: 0.000184 seconds.
  path: Assets/StylizedGrass/Prefabs/sTri-Plane LARGE.prefab
  artifactKey: Guid(3802df0ef51c69848927bdcde4292391) Importer(815301076,1909f56bfc062723c751e8b465ee728b)
Start importing Assets/StylizedGrass/Prefabs/sTri-Plane LARGE.prefab using Guid(3802df0ef51c69848927bdcde4292391) Importer(815301076,1909f56bfc062723c751e8b465ee728b)  -> (artifact id: '742505e880c75b708e0b694779487b49') in 0.012286 seconds 
========================================================================
Received Import Request.
  Time since last request: 0.000242 seconds.
  path: Assets/StylizedGrass/Prefabs/sTri-Plane.prefab
  artifactKey: Guid(f3b879d27bb99b948a6fafb39d01f19c) Importer(815301076,1909f56bfc062723c751e8b465ee728b)
Start importing Assets/StylizedGrass/Prefabs/sTri-Plane.prefab using Guid(f3b879d27bb99b948a6fafb39d01f19c) Importer(815301076,1909f56bfc062723c751e8b465ee728b)  -> (artifact id: 'd7519a91c5dec601565758f30ff2a82e') in 0.013424 seconds 
========================================================================
Received Import Request.
  Time since last request: 0.000340 seconds.
  path: Assets/StylizedGrass/Prefabs/nTri-Plane.prefab
  artifactKey: Guid(c2f9081aa5be40f4fad3d789630dc21e) Importer(815301076,1909f56bfc062723c751e8b465ee728b)
Start importing Assets/StylizedGrass/Prefabs/nTri-Plane.prefab using Guid(c2f9081aa5be40f4fad3d789630dc21e) Importer(815301076,1909f56bfc062723c751e8b465ee728b)  -> (artifact id: 'af9abec921d645c9665b9be24fad31e9') in 0.012640 seconds 
========================================================================
Received Import Request.
  Time since last request: 136.673315 seconds.
  path: Assets/StylizedGrass/Materials
  artifactKey: Guid(a965336efc4717d48b941b1a1dfca6b1) Importer(815301076,1909f56bfc062723c751e8b465ee728b)
Start importing Assets/StylizedGrass/Materials using Guid(a965336efc4717d48b941b1a1dfca6b1) Importer(815301076,1909f56bfc062723c751e8b465ee728b)  -> (artifact id: 'e7db867a3fbd9ea20337c0a88d4a903c') in 0.005057 seconds 
========================================================================
Received Import Request.
  Time since last request: 0.286501 seconds.
  path: Assets/StylizedGrass/Materials/grassblade - tris.mat
  artifactKey: Guid(e9594129c107d9e4287100c8ed69e92c) Importer(815301076,1909f56bfc062723c751e8b465ee728b)
Start importing Assets/StylizedGrass/Materials/grassblade - tris.mat using Guid(e9594129c107d9e4287100c8ed69e92c) Importer(815301076,1909f56bfc062723c751e8b465ee728b)  -> (artifact id: 'dd3b6b24175be2a2b56ee66e3ba0041e') in 0.105881 seconds 
========================================================================
Received Import Request.
  Time since last request: 0.000327 seconds.
  path: Assets/StylizedGrass/Materials/grassblade.mat
  artifactKey: Guid(c34176afd46c9824c87428b378309762) Importer(815301076,1909f56bfc062723c751e8b465ee728b)
Start importing Assets/StylizedGrass/Materials/grassblade.mat using Guid(c34176afd46c9824c87428b378309762) Importer(815301076,1909f56bfc062723c751e8b465ee728b)  -> (artifact id: '88f9cbeaaa215390d74c971b72b56b5d') in 0.019698 seconds 
========================================================================
Received Import Request.
  Time since last request: 9.408730 seconds.
  path: Assets/StylizedGrass/VFX Graphs
  artifactKey: Guid(f5fb332bc4728534d86e537879004eee) Importer(815301076,1909f56bfc062723c751e8b465ee728b)
Start importing Assets/StylizedGrass/VFX Graphs using Guid(f5fb332bc4728534d86e537879004eee) Importer(815301076,1909f56bfc062723c751e8b465ee728b)  -> (artifact id: 'ae35cb8e82ad8bd9e2d15766e70f3806') in 0.005267 seconds 
========================================================================
Received Import Request.
  Time since last request: 2.350530 seconds.
  path: Assets/StylizedGrass/Demo
  artifactKey: Guid(e2c32406416ac4e41a37920a0d3dc6a8) Importer(815301076,1909f56bfc062723c751e8b465ee728b)
Start importing Assets/StylizedGrass/Demo using Guid(e2c32406416ac4e41a37920a0d3dc6a8) Importer(815301076,1909f56bfc062723c751e8b465ee728b)  -> (artifact id: '5f8414d54f9beae31dc24210f9d7a1d8') in 0.483149 seconds 
========================================================================
Received Import Request.
  Time since last request: 0.000636 seconds.
  path: Assets/StylizedGrass/Demo/Demo Post Process Settings.asset
  artifactKey: Guid(b820f18c88d8da64c9a52f9c9591f9db) Importer(815301076,1909f56bfc062723c751e8b465ee728b)
Start importing Assets/StylizedGrass/Demo/Demo Post Process Settings.asset using Guid(b820f18c88d8da64c9a52f9c9591f9db) Importer(815301076,1909f56bfc062723c751e8b465ee728b)  -> (artifact id: 'bb7877c3d4436c7f5c2b00cf26fdcc2c') in 0.011643 seconds 
========================================================================
Received Import Request.
  Time since last request: 0.000597 seconds.
  path: Assets/StylizedGrass/Demo/Demo Sky and Fog Settings.asset
  artifactKey: Guid(11b9c20cd1f15214f9b3659451e7cee9) Importer(815301076,1909f56bfc062723c751e8b465ee728b)
Start importing Assets/StylizedGrass/Demo/Demo Sky and Fog Settings.asset using Guid(11b9c20cd1f15214f9b3659451e7cee9) Importer(815301076,1909f56bfc062723c751e8b465ee728b)  -> (artifact id: 'ac23db752de8a2c9c78434fcb23b4201') in 0.012053 seconds 
========================================================================
Received Import Request.
  Time since last request: 0.000560 seconds.
  path: Assets/StylizedGrass/Demo/Plane Mat.mat
  artifactKey: Guid(983e78d7cd073fe4e8feec48f2fe234a) Importer(815301076,1909f56bfc062723c751e8b465ee728b)
Start importing Assets/StylizedGrass/Demo/Plane Mat.mat using Guid(983e78d7cd073fe4e8feec48f2fe234a) Importer(815301076,1909f56bfc062723c751e8b465ee728b)  -> (artifact id: '49a5c360379c2608be099704b13763e2') in 0.021290 seconds 
========================================================================
Received Import Request.
  Time since last request: 517.938678 seconds.
  path: Assets/New Terrain.asset
  artifactKey: Guid(ffd5c6e3260673f4fa6ef0cca416dce1) Importer(815301076,1909f56bfc062723c751e8b465ee728b)
Start importing Assets/New Terrain.asset using Guid(ffd5c6e3260673f4fa6ef0cca416dce1) Importer(815301076,1909f56bfc062723c751e8b465ee728b)  -> (artifact id: 'fb84190e9aa46e59aa867af552262aea') in 0.020019 seconds 
========================================================================
Received Import Request.
  Time since last request: 81.186866 seconds.
  path: Assets/StylizedGrass
  artifactKey: Guid(babe748816de2494ab37dccfdd16a118) Importer(815301076,1909f56bfc062723c751e8b465ee728b)
Start importing Assets/StylizedGrass using Guid(babe748816de2494ab37dccfdd16a118) Importer(815301076,1909f56bfc062723c751e8b465ee728b)  -> (artifact id: 'd396a235c05ccab702107b1d0935f493') in 0.032377 seconds 
========================================================================
Received Import Request.
  Time since last request: 582.218841 seconds.
  path: Assets/New Terrain 1.asset
  artifactKey: Guid(0279817cfe1fe1a4b85b7befbd49a139) Importer(815301076,1909f56bfc062723c751e8b465ee728b)
Start importing Assets/New Terrain 1.asset using Guid(0279817cfe1fe1a4b85b7befbd49a139) Importer(815301076,1909f56bfc062723c751e8b465ee728b)  -> (artifact id: 'd8719dcf60276c8bb759342b9feaa0b9') in 0.012512 seconds 
========================================================================
Received Import Request.
  Time since last request: 40.161613 seconds.
  path: Assets/StylizedGrass/Materials/NewBrush.brush
  artifactKey: Guid(8ad18f9ffcd9ae840b454d57acad9798) Importer(815301076,1909f56bfc062723c751e8b465ee728b)
Start importing Assets/StylizedGrass/Materials/NewBrush.brush using Guid(8ad18f9ffcd9ae840b454d57acad9798) Importer(815301076,1909f56bfc062723c751e8b465ee728b)  -> (artifact id: 'a0856644cb72fe847479a1fe068969aa') in 0.035488 seconds 
========================================================================
Received Import Request.
  Time since last request: 353.949620 seconds.
  path: Assets/New Terrain 1.asset
  artifactKey: Guid(0279817cfe1fe1a4b85b7befbd49a139) Importer(815301076,1909f56bfc062723c751e8b465ee728b)
Start importing Assets/New Terrain 1.asset using Guid(0279817cfe1fe1a4b85b7befbd49a139) Importer(815301076,1909f56bfc062723c751e8b465ee728b)  -> (artifact id: '414a4890372bb3945f5b807f4306e857') in 0.013921 seconds 
========================================================================
Received Import Request.
  Time since last request: 0.000184 seconds.
  path: Assets/NewLayer 1.terrainlayer
  artifactKey: Guid(2d2cd4e6b074daa4b86ca31720d4eb06) Importer(815301076,1909f56bfc062723c751e8b465ee728b)
Start importing Assets/NewLayer 1.terrainlayer using Guid(2d2cd4e6b074daa4b86ca31720d4eb06) Importer(815301076,1909f56bfc062723c751e8b465ee728b)  -> (artifact id: 'cb121feeebab7e7d123e1b5fc87da1e6') in 0.026473 seconds 
========================================================================
Received Import Request.
  Time since last request: 0.000215 seconds.
  path: Assets/NewLayer.terrainlayer
  artifactKey: Guid(f92e9cb6d9b87ae47bbe825e2cdecabb) Importer(815301076,1909f56bfc062723c751e8b465ee728b)
Start importing Assets/NewLayer.terrainlayer using Guid(f92e9cb6d9b87ae47bbe825e2cdecabb) Importer(815301076,1909f56bfc062723c751e8b465ee728b)  -> (artifact id: '8e65b11514159325d13ac0ac600e3406') in 0.017244 seconds 
========================================================================
Received Import Request.
  Time since last request: 0.000370 seconds.
  path: Assets/New Terrain 2.asset
  artifactKey: Guid(e21d039ee6a3cd04da5f78510ba48111) Importer(815301076,1909f56bfc062723c751e8b465ee728b)
Start importing Assets/New Terrain 2.asset using Guid(e21d039ee6a3cd04da5f78510ba48111) Importer(815301076,1909f56bfc062723c751e8b465ee728b)  -> (artifact id: '5bab84d17bdd0844f6beb793d6384b3b') in 0.011237 seconds 
========================================================================
Received Import Request.
  Time since last request: 14.610572 seconds.
  path: Assets/NewBrush.brush
  artifactKey: Guid(96fb14e4670bbbd4c9c1ce88e55128dc) Importer(815301076,1909f56bfc062723c751e8b465ee728b)
Start importing Assets/NewBrush.brush using Guid(96fb14e4670bbbd4c9c1ce88e55128dc) Importer(815301076,1909f56bfc062723c751e8b465ee728b)  -> (artifact id: '33c3c494eaffa349791572c542d080c2') in 0.013203 seconds 
========================================================================
Received Import Request.
  Time since last request: 3.758987 seconds.
  path: Assets
  artifactKey: Guid(00000000000000001000000000000000) Importer(815301076,1909f56bfc062723c751e8b465ee728b)
Start importing Assets using Guid(00000000000000001000000000000000) Importer(815301076,1909f56bfc062723c751e8b465ee728b)  -> (artifact id: '42d402b061de3733987d63b9cc3b64de') in 0.005380 seconds 
========================================================================
Received Import Request.
  Time since last request: 190.145884 seconds.
  path: Assets/New Terrain.asset
  artifactKey: Guid(ffd5c6e3260673f4fa6ef0cca416dce1) Importer(815301076,1909f56bfc062723c751e8b465ee728b)
Start importing Assets/New Terrain.asset using Guid(ffd5c6e3260673f4fa6ef0cca416dce1) Importer(815301076,1909f56bfc062723c751e8b465ee728b)  -> (artifact id: '2ded3912b833ee32c26e2b4d2b1c655f') in 0.013000 seconds 
========================================================================
Received Import Request.
  Time since last request: 249.372152 seconds.
  path: Assets/NewBrush.brush
  artifactKey: Guid(96fb14e4670bbbd4c9c1ce88e55128dc) Importer(815301076,1909f56bfc062723c751e8b465ee728b)
Start importing Assets/NewBrush.brush using Guid(96fb14e4670bbbd4c9c1ce88e55128dc) Importer(815301076,1909f56bfc062723c751e8b465ee728b)  -> (artifact id: '72f78d4117e66347bc2f66c84c41ec39') in 0.017307 seconds 
========================================================================
Received Import Request.
  Time since last request: 436.161807 seconds.
  path: Assets/NewBrush 1.brush
  artifactKey: Guid(af5841f007e216440827e851bad76b33) Importer(815301076,1909f56bfc062723c751e8b465ee728b)
Start importing Assets/NewBrush 1.brush using Guid(af5841f007e216440827e851bad76b33) Importer(815301076,1909f56bfc062723c751e8b465ee728b)  -> (artifact id: '4db7403f1fa5625d40ca57d31bbdc4a3') in 0.016174 seconds 
========================================================================
Received Import Request.
  Time since last request: 12.915741 seconds.
  path: Assets/NewBrush 2.brush
  artifactKey: Guid(6eb83431e87ad67418017cac16af5c9e) Importer(815301076,1909f56bfc062723c751e8b465ee728b)
Start importing Assets/NewBrush 2.brush using Guid(6eb83431e87ad67418017cac16af5c9e) Importer(815301076,1909f56bfc062723c751e8b465ee728b)  -> (artifact id: '178ebbd55ef75528f54de320872c3ad4') in 0.018686 seconds 
========================================================================
Received Import Request.
  Time since last request: 1276.075930 seconds.
  path: Assets/New Terrain 2.asset
  artifactKey: Guid(e21d039ee6a3cd04da5f78510ba48111) Importer(815301076,1909f56bfc062723c751e8b465ee728b)
Start importing Assets/New Terrain 2.asset using Guid(e21d039ee6a3cd04da5f78510ba48111) Importer(815301076,1909f56bfc062723c751e8b465ee728b)  -> (artifact id: '6c95443d7d42523aa95d76323d306e34') in 0.013608 seconds 
========================================================================
Received Import Request.
  Time since last request: 0.000326 seconds.
  path: Assets/New Terrain.asset
  artifactKey: Guid(ffd5c6e3260673f4fa6ef0cca416dce1) Importer(815301076,1909f56bfc062723c751e8b465ee728b)
Start importing Assets/New Terrain.asset using Guid(ffd5c6e3260673f4fa6ef0cca416dce1) Importer(815301076,1909f56bfc062723c751e8b465ee728b)  -> (artifact id: '8b689f3953433ace24c120f85b13a1cb') in 0.013601 seconds 
========================================================================
Received Import Request.
  Time since last request: 73.147327 seconds.
  path: Assets/Pure Poly/Free Low Poly Nature Pack/Textures/PP_Color_Palette.png
  artifactKey: Guid(cffb506ec5b6cc94498def65473d32ed) Importer(815301076,1909f56bfc062723c751e8b465ee728b)
Start importing Assets/Pure Poly/Free Low Poly Nature Pack/Textures/PP_Color_Palette.png using Guid(cffb506ec5b6cc94498def65473d32ed) Importer(815301076,1909f56bfc062723c751e8b465ee728b)  -> (artifact id: '84e7a1f1274168762baf1677c8d50026') in 0.020632 seconds 
========================================================================
Received Import Request.
  Time since last request: 10.790455 seconds.
  path: Assets/Pure Poly
  artifactKey: Guid(3edb30e41b6b7274f9da51317f0125ca) Importer(815301076,1909f56bfc062723c751e8b465ee728b)
Start importing Assets/Pure Poly using Guid(3edb30e41b6b7274f9da51317f0125ca) Importer(815301076,1909f56bfc062723c751e8b465ee728b)  -> (artifact id: '6da8056233410065000f52a2ec81955b') in 0.007011 seconds 
========================================================================
Received Import Request.
  Time since last request: 1.733705 seconds.
  path: Assets/Pure Poly/Free Low Poly Nature Pack
  artifactKey: Guid(44bb5e7acb3cd704ca183ccbbb91bc1b) Importer(815301076,1909f56bfc062723c751e8b465ee728b)
Start importing Assets/Pure Poly/Free Low Poly Nature Pack using Guid(44bb5e7acb3cd704ca183ccbbb91bc1b) Importer(815301076,1909f56bfc062723c751e8b465ee728b)  -> (artifact id: '9946fe6c2bfd774ecabde8340a12a751') in 0.005313 seconds 
========================================================================
Received Import Request.
  Time since last request: 2.375296 seconds.
  path: Assets/Pure Poly/Free Low Poly Nature Pack/Textures
  artifactKey: Guid(97a7145d15ddffb43b6af48c743a474a) Importer(815301076,1909f56bfc062723c751e8b465ee728b)
Start importing Assets/Pure Poly/Free Low Poly Nature Pack/Textures using Guid(97a7145d15ddffb43b6af48c743a474a) Importer(815301076,1909f56bfc062723c751e8b465ee728b)  -> (artifact id: 'c2d197fd64756095f13433e446ab34d7') in 0.004576 seconds 
========================================================================
Received Import Request.
  Time since last request: 46.927635 seconds.
  path: Assets/Pure Poly/Free Low Poly Nature Pack/Textures/NewBrush.brush
  artifactKey: Guid(1867155fa19142a49ac85c30493eaa35) Importer(815301076,1909f56bfc062723c751e8b465ee728b)
Start importing Assets/Pure Poly/Free Low Poly Nature Pack/Textures/NewBrush.brush using Guid(1867155fa19142a49ac85c30493eaa35) Importer(815301076,1909f56bfc062723c751e8b465ee728b)  -> (artifact id: 'b54a4119c694389e35e1b6ced25305fa') in 0.019238 seconds 
========================================================================
Received Import Request.
  Time since last request: 101.754675 seconds.
  path: Assets/Pure Poly/Free Low Poly Nature Pack/Materials
  artifactKey: Guid(8ebb527547e00834bb38dd05f7664656) Importer(815301076,1909f56bfc062723c751e8b465ee728b)
Start importing Assets/Pure Poly/Free Low Poly Nature Pack/Materials using Guid(8ebb527547e00834bb38dd05f7664656) Importer(815301076,1909f56bfc062723c751e8b465ee728b)  -> (artifact id: 'b03243e07abbc25b37671b93af34cb73') in 0.004775 seconds 
========================================================================
Received Import Request.
  Time since last request: 0.051095 seconds.
  path: Assets/Pure Poly/Free Low Poly Nature Pack/Materials/PP_Ground.mat
  artifactKey: Guid(2f984dd1b63fbc24abdd916834492e6e) Importer(815301076,1909f56bfc062723c751e8b465ee728b)
Start importing Assets/Pure Poly/Free Low Poly Nature Pack/Materials/PP_Ground.mat using Guid(2f984dd1b63fbc24abdd916834492e6e) Importer(815301076,1909f56bfc062723c751e8b465ee728b)  -> (artifact id: '2a1968642b2eeed653087c3ca18c9835') in 0.019479 seconds 
========================================================================
Received Import Request.
  Time since last request: 0.000280 seconds.
  path: Assets/Pure Poly/Free Low Poly Nature Pack/Materials/PP_Standard_Material.mat
  artifactKey: Guid(0799a1e95665ef14f8fe2cbcd4ba3dc4) Importer(815301076,1909f56bfc062723c751e8b465ee728b)
Start importing Assets/Pure Poly/Free Low Poly Nature Pack/Materials/PP_Standard_Material.mat using Guid(0799a1e95665ef14f8fe2cbcd4ba3dc4) Importer(815301076,1909f56bfc062723c751e8b465ee728b)  -> (artifact id: '26a011aa2f9dc398f94ff331ad4823fb') in 0.017650 seconds 
========================================================================
Received Import Request.
  Time since last request: 64.115099 seconds.
  path: Assets/Pure Poly/Free Low Poly Nature Pack/Prefabs
  artifactKey: Guid(33d9da17d5975244db32a765fa368621) Importer(815301076,1909f56bfc062723c751e8b465ee728b)
Start importing Assets/Pure Poly/Free Low Poly Nature Pack/Prefabs using Guid(33d9da17d5975244db32a765fa368621) Importer(815301076,1909f56bfc062723c751e8b465ee728b)  -> (artifact id: '3e85503810197ad51d74d2c2d442c976') in 0.327255 seconds 
========================================================================
Received Import Request.
  Time since last request: 0.000229 seconds.
  path: Assets/Pure Poly/Free Low Poly Nature Pack/Prefabs/PP_Mushroom_Fantasy_Orange_09.prefab
  artifactKey: Guid(0ab22827d0f3f0b40a97e9430d684283) Importer(815301076,1909f56bfc062723c751e8b465ee728b)
Start importing Assets/Pure Poly/Free Low Poly Nature Pack/Prefabs/PP_Mushroom_Fantasy_Orange_09.prefab using Guid(0ab22827d0f3f0b40a97e9430d684283) Importer(815301076,1909f56bfc062723c751e8b465ee728b)  -> (artifact id: '4817ceefa55c6219db0980b662c82a42') in 0.287212 seconds 
========================================================================
Received Import Request.
  Time since last request: 0.000188 seconds.
  path: Assets/Pure Poly/Free Low Poly Nature Pack/Prefabs/PP_Sunflower_04.prefab
  artifactKey: Guid(18bb023d75a113f4cb8d1452371f5c0e) Importer(815301076,1909f56bfc062723c751e8b465ee728b)
Start importing Assets/Pure Poly/Free Low Poly Nature Pack/Prefabs/PP_Sunflower_04.prefab using Guid(18bb023d75a113f4cb8d1452371f5c0e) Importer(815301076,1909f56bfc062723c751e8b465ee728b)  -> (artifact id: '1785df9de9c7619056d52c4e2a1d3c86') in 0.020036 seconds 
========================================================================
Received Import Request.
  Time since last request: 0.000307 seconds.
  path: Assets/Pure Poly/Free Low Poly Nature Pack/Prefabs/PP_Meadow_07.prefab
  artifactKey: Guid(cf22a2db10f09a34495e9f83913738c8) Importer(815301076,1909f56bfc062723c751e8b465ee728b)
Start importing Assets/Pure Poly/Free Low Poly Nature Pack/Prefabs/PP_Meadow_07.prefab using Guid(cf22a2db10f09a34495e9f83913738c8) Importer(815301076,1909f56bfc062723c751e8b465ee728b)  -> (artifact id: 'cb45699156b12c7c64033e1e57b473c2') in 0.019295 seconds 
========================================================================
Received Import Request.
  Time since last request: 0.000149 seconds.
  path: Assets/Pure Poly/Free Low Poly Nature Pack/Prefabs/PP_Mushroom_Fantasy_Purple_05.prefab
  artifactKey: Guid(d354c41a99993964baca0254487708d1) Importer(815301076,1909f56bfc062723c751e8b465ee728b)
Start importing Assets/Pure Poly/Free Low Poly Nature Pack/Prefabs/PP_Mushroom_Fantasy_Purple_05.prefab using Guid(d354c41a99993964baca0254487708d1) Importer(815301076,1909f56bfc062723c751e8b465ee728b)  -> (artifact id: '4fe3413a107da902bcd0312fd00146c7') in 0.014097 seconds 
========================================================================
Received Import Request.
  Time since last request: 0.000238 seconds.
  path: Assets/Pure Poly/Free Low Poly Nature Pack/Prefabs/PP_Birch_Tree_05.prefab
  artifactKey: Guid(2554008d6447a2540b44e55f0c0b576e) Importer(815301076,1909f56bfc062723c751e8b465ee728b)
Start importing Assets/Pure Poly/Free Low Poly Nature Pack/Prefabs/PP_Birch_Tree_05.prefab using Guid(2554008d6447a2540b44e55f0c0b576e) Importer(815301076,1909f56bfc062723c751e8b465ee728b)  -> (artifact id: 'c63eabc1ef7ef846e7784ca4b4083a6d') in 0.017407 seconds 
========================================================================
Received Import Request.
  Time since last request: 0.005934 seconds.
  path: Assets/Pure Poly/Free Low Poly Nature Pack/Prefabs/PP_Birch_Tree_06.prefab
  artifactKey: Guid(a2bd798ea40c7e341aa61ad124d95342) Importer(815301076,1909f56bfc062723c751e8b465ee728b)
Start importing Assets/Pure Poly/Free Low Poly Nature Pack/Prefabs/PP_Birch_Tree_06.prefab using Guid(a2bd798ea40c7e341aa61ad124d95342) Importer(815301076,1909f56bfc062723c751e8b465ee728b)  -> (artifact id: 'd218fd23f7da7adf1a7766b4f302e443') in 0.046993 seconds 
========================================================================
Received Import Request.
  Time since last request: 0.000358 seconds.
  path: Assets/Pure Poly/Free Low Poly Nature Pack/Prefabs/PP_Tree_02.prefab
  artifactKey: Guid(e133dac167ef59c40b7678ba58107c6a) Importer(815301076,1909f56bfc062723c751e8b465ee728b)
Start importing Assets/Pure Poly/Free Low Poly Nature Pack/Prefabs/PP_Tree_02.prefab using Guid(e133dac167ef59c40b7678ba58107c6a) Importer(815301076,1909f56bfc062723c751e8b465ee728b)  -> (artifact id: '40646b3fe7aea60d169587a6a0922b32') in 0.018122 seconds 
========================================================================
Received Import Request.
  Time since last request: 0.000373 seconds.
  path: Assets/Pure Poly/Free Low Poly Nature Pack/Prefabs/PP_Grass_15.prefab
  artifactKey: Guid(b8217b9c1183a5144b666d1dd63980c4) Importer(815301076,1909f56bfc062723c751e8b465ee728b)
Start importing Assets/Pure Poly/Free Low Poly Nature Pack/Prefabs/PP_Grass_15.prefab using Guid(b8217b9c1183a5144b666d1dd63980c4) Importer(815301076,1909f56bfc062723c751e8b465ee728b)  -> (artifact id: '7c62f1d37551f36ac02c201e39ba3759') in 0.015248 seconds 
========================================================================
Received Import Request.
  Time since last request: 0.000383 seconds.
  path: Assets/Pure Poly/Free Low Poly Nature Pack/Prefabs/PP_Forest_Mountain_Moss_01.prefab
  artifactKey: Guid(512b72c73a22e904d87662ebca8eb1e1) Importer(815301076,1909f56bfc062723c751e8b465ee728b)
Start importing Assets/Pure Poly/Free Low Poly Nature Pack/Prefabs/PP_Forest_Mountain_Moss_01.prefab using Guid(512b72c73a22e904d87662ebca8eb1e1) Importer(815301076,1909f56bfc062723c751e8b465ee728b)  -> (artifact id: 'b6201bc218218ee120c6a358e86cd524') in 0.015749 seconds 
========================================================================
Received Import Request.
  Time since last request: 0.000347 seconds.
  path: Assets/Pure Poly/Free Low Poly Nature Pack/Prefabs/PP_Rock_Moss_Grown_09.prefab
  artifactKey: Guid(24457fdf8e66c3c49b7599931e0fdcb2) Importer(815301076,1909f56bfc062723c751e8b465ee728b)
Start importing Assets/Pure Poly/Free Low Poly Nature Pack/Prefabs/PP_Rock_Moss_Grown_09.prefab using Guid(24457fdf8e66c3c49b7599931e0fdcb2) Importer(815301076,1909f56bfc062723c751e8b465ee728b)  -> (artifact id: '237d9504e1f9576cc1d227b429652872') in 0.017480 seconds 
========================================================================
Received Import Request.
  Time since last request: 0.000256 seconds.
  path: Assets/Pure Poly/Free Low Poly Nature Pack/Prefabs/PP_Rock_Moss_Grown_11.prefab
  artifactKey: Guid(a524090786e7ba545bd5ce3d24c9a3fb) Importer(815301076,1909f56bfc062723c751e8b465ee728b)
Start importing Assets/Pure Poly/Free Low Poly Nature Pack/Prefabs/PP_Rock_Moss_Grown_11.prefab using Guid(a524090786e7ba545bd5ce3d24c9a3fb) Importer(815301076,1909f56bfc062723c751e8b465ee728b)  -> (artifact id: 'c4d6ae02e110068630db36bea95b53e5') in 0.015679 seconds 
========================================================================
Received Import Request.
  Time since last request: 0.000282 seconds.
  path: Assets/Pure Poly/Free Low Poly Nature Pack/Prefabs/PP_Rock_Pile_Forest_Moss_05.prefab
  artifactKey: Guid(9a91bc2b0a89c4748a0c5b940bd461a7) Importer(815301076,1909f56bfc062723c751e8b465ee728b)
Start importing Assets/Pure Poly/Free Low Poly Nature Pack/Prefabs/PP_Rock_Pile_Forest_Moss_05.prefab using Guid(9a91bc2b0a89c4748a0c5b940bd461a7) Importer(815301076,1909f56bfc062723c751e8b465ee728b)  -> (artifact id: 'd455e23dd5920c13e1a64354ef61a9ba') in 0.017448 seconds 
========================================================================
Received Import Request.
  Time since last request: 0.000319 seconds.
  path: Assets/Pure Poly/Free Low Poly Nature Pack/Prefabs/PP_Mushroom_Fantasy_Orange_10.prefab
  artifactKey: Guid(eae42a57b046b1a42a79ae6319bccca3) Importer(815301076,1909f56bfc062723c751e8b465ee728b)
Start importing Assets/Pure Poly/Free Low Poly Nature Pack/Prefabs/PP_Mushroom_Fantasy_Orange_10.prefab using Guid(eae42a57b046b1a42a79ae6319bccca3) Importer(815301076,1909f56bfc062723c751e8b465ee728b)  -> (artifact id: '5a19d03dbce6995c8f182201dbf17762') in 0.019430 seconds 
========================================================================
Received Import Request.
  Time since last request: 0.000234 seconds.
  path: Assets/Pure Poly/Free Low Poly Nature Pack/Prefabs/PP_Daffodil_03.prefab
  artifactKey: Guid(13dd10d6717971d4ea9125d158299b1e) Importer(815301076,1909f56bfc062723c751e8b465ee728b)
Start importing Assets/Pure Poly/Free Low Poly Nature Pack/Prefabs/PP_Daffodil_03.prefab using Guid(13dd10d6717971d4ea9125d158299b1e) Importer(815301076,1909f56bfc062723c751e8b465ee728b)  -> (artifact id: '5bd72115579832ab0e248ff647cc2240') in 0.014959 seconds 
========================================================================
Received Import Request.
  Time since last request: 0.000225 seconds.
  path: Assets/Pure Poly/Free Low Poly Nature Pack/Prefabs/PP_Lake_Ground_04.prefab
  artifactKey: Guid(66072c42e7f38924f90a2ea3e36cc606) Importer(815301076,1909f56bfc062723c751e8b465ee728b)
Start importing Assets/Pure Poly/Free Low Poly Nature Pack/Prefabs/PP_Lake_Ground_04.prefab using Guid(66072c42e7f38924f90a2ea3e36cc606) Importer(815301076,1909f56bfc062723c751e8b465ee728b)  -> (artifact id: 'b61492c7f9a1ce6f12672b2afd5723da') in 0.015664 seconds 
========================================================================
Received Import Request.
  Time since last request: 0.000263 seconds.
  path: Assets/Pure Poly/Free Low Poly Nature Pack/Prefabs/PP_Meadow_08.prefab
  artifactKey: Guid(7baba197ce36c92439b423eabaad3737) Importer(815301076,1909f56bfc062723c751e8b465ee728b)
Start importing Assets/Pure Poly/Free Low Poly Nature Pack/Prefabs/PP_Meadow_08.prefab using Guid(7baba197ce36c92439b423eabaad3737) Importer(815301076,1909f56bfc062723c751e8b465ee728b)  -> (artifact id: '5967e69f37f87619453978be78882b97') in 0.013954 seconds 
========================================================================
Received Import Request.
  Time since last request: 0.000208 seconds.
  path: Assets/Pure Poly/Free Low Poly Nature Pack/Prefabs/PP_Forest_Mountain_Moss_02.prefab
  artifactKey: Guid(034023ff02a37fc47aab6bc6c49bf15b) Importer(815301076,1909f56bfc062723c751e8b465ee728b)
Start importing Assets/Pure Poly/Free Low Poly Nature Pack/Prefabs/PP_Forest_Mountain_Moss_02.prefab using Guid(034023ff02a37fc47aab6bc6c49bf15b) Importer(815301076,1909f56bfc062723c751e8b465ee728b)  -> (artifact id: 'f90baa0032200ac79d84a2b10ab55884') in 0.015586 seconds 
========================================================================
Received Import Request.
  Time since last request: 0.000347 seconds.
  path: Assets/Pure Poly/Free Low Poly Nature Pack/Prefabs/PP_Hyacinth_04.prefab
  artifactKey: Guid(194e9111af0c33840a49d573f2b26952) Importer(815301076,1909f56bfc062723c751e8b465ee728b)
Start importing Assets/Pure Poly/Free Low Poly Nature Pack/Prefabs/PP_Hyacinth_04.prefab using Guid(194e9111af0c33840a49d573f2b26952) Importer(815301076,1909f56bfc062723c751e8b465ee728b)  -> (artifact id: '72e7368ad3b0efa79b5f794ab18ea644') in 0.014447 seconds 
========================================================================
Received Import Request.
  Time since last request: 0.000182 seconds.
  path: Assets/Pure Poly/Free Low Poly Nature Pack/Prefabs/PP_Rock_Pile_Forest_Moss_10.prefab
  artifactKey: Guid(c8134dd87be4906419f13922ddc5bf4f) Importer(815301076,1909f56bfc062723c751e8b465ee728b)
Start importing Assets/Pure Poly/Free Low Poly Nature Pack/Prefabs/PP_Rock_Pile_Forest_Moss_10.prefab using Guid(c8134dd87be4906419f13922ddc5bf4f) Importer(815301076,1909f56bfc062723c751e8b465ee728b)  -> (artifact id: 'cc416505b380c3c6dad3e73df9e0cad8') in 0.015345 seconds 
========================================================================
Received Import Request.
  Time since last request: 0.000173 seconds.
  path: Assets/Pure Poly/Free Low Poly Nature Pack/Prefabs/PP_Mushroom_Fantasy_Purple_08.prefab
  artifactKey: Guid(d3ee913ed32937344b0587e70dc777a2) Importer(815301076,1909f56bfc062723c751e8b465ee728b)
Start importing Assets/Pure Poly/Free Low Poly Nature Pack/Prefabs/PP_Mushroom_Fantasy_Purple_08.prefab using Guid(d3ee913ed32937344b0587e70dc777a2) Importer(815301076,1909f56bfc062723c751e8b465ee728b)  -> (artifact id: '9caf816f5a89daacc70071be81bb84d1') in 0.014502 seconds 
========================================================================
Received Import Request.
  Time since last request: 0.000197 seconds.
  path: Assets/Pure Poly/Free Low Poly Nature Pack/Prefabs/PP_Tree_10.prefab
  artifactKey: Guid(273b8f4150121d249ac7e2fd11da7005) Importer(815301076,1909f56bfc062723c751e8b465ee728b)
Start importing Assets/Pure Poly/Free Low Poly Nature Pack/Prefabs/PP_Tree_10.prefab using Guid(273b8f4150121d249ac7e2fd11da7005) Importer(815301076,1909f56bfc062723c751e8b465ee728b)  -> (artifact id: '301cc5c59b9864ec3715e2f68616a217') in 0.015994 seconds 
========================================================================
Received Import Request.
  Time since last request: 0.000204 seconds.
  path: Assets/Pure Poly/Free Low Poly Nature Pack/Prefabs/PP_Meadow_Path_05.prefab
  artifactKey: Guid(d5b8de414112a004a82d0437b5f7a780) Importer(815301076,1909f56bfc062723c751e8b465ee728b)
Start importing Assets/Pure Poly/Free Low Poly Nature Pack/Prefabs/PP_Meadow_Path_05.prefab using Guid(d5b8de414112a004a82d0437b5f7a780) Importer(815301076,1909f56bfc062723c751e8b465ee728b)  -> (artifact id: '3f2326ab7c68455dcc28e0c508a80664') in 0.015291 seconds 
========================================================================
Received Import Request.
  Time since last request: 0.000203 seconds.
  path: Assets/Pure Poly/Free Low Poly Nature Pack/Prefabs/PP_Grass_11.prefab
  artifactKey: Guid(ef62619642b0df743b22dd5120c6ac4d) Importer(815301076,1909f56bfc062723c751e8b465ee728b)
Start importing Assets/Pure Poly/Free Low Poly Nature Pack/Prefabs/PP_Grass_11.prefab using Guid(ef62619642b0df743b22dd5120c6ac4d) Importer(815301076,1909f56bfc062723c751e8b465ee728b)  -> (artifact id: '6e3b826a7fea81ef3b355405f374f3c4') in 0.015164 seconds 
AssetImportWorkerClient::OnTransportError - code=2 error=End of file
