Using pre-set license
Built from '2020.3/release' branch; Version is '2020.3.31f1 (6b54b7616050) revision 7034039'; Using compiler version '192528614'; Build Type 'Release'
OS: 'Windows 11  (10.0.22000) 64bit Professional' Language: 'en' Physical Memory: 16310 MB
BatchMode: 1, IsHumanControllingUs: 0, StartBugReporterOnCrash: 0, Is64bit: 1, IsPro: 0

COMMAND LINE ARGUMENTS:
A:\2020.3.31f1\Editor\Unity.exe
-adb2
-batchMode
-noUpm
-name
AssetImportWorker0
-projectPath
D:/Driver/MAD L.A.D/Are-you-Alone/You're NOT Real
-logFile
Logs/AssetImportWorker0.log
-srvPort
49333
Successfully changed project path to: D:/Driver/MAD L.A.D/Are-you-Alone/You're NOT Real
D:/Driver/MAD L.A.D/Are-you-Alone/You're NOT Real
Using Asset Import Pipeline V2.
Refreshing native plugins compatible for Editor in 24.23 ms, found 2 plugins.
Preloading 0 native plugins for Editor in 0.00 ms.
Initialize engine version: 2020.3.31f1 (6b54b7616050)
[Subsystems] Discovering subsystems at path A:/2020.3.31f1/Editor/Data/Resources/UnitySubsystems
[Subsystems] Discovering subsystems at path D:/Driver/MAD L.A.D/Are-you-Alone/You're NOT Real/Assets
GfxDevice: creating device client; threaded=0
Direct3D:
    Version:  Direct3D 11.0 [level 11.1]
    Renderer: NVIDIA GeForce GTX 1050 Ti (ID=0x1c82)
    Vendor:   
    VRAM:     4019 MB
    Driver:   31.0.15.1694
Initialize mono
Mono path[0] = 'A:/2020.3.31f1/Editor/Data/Managed'
Mono path[1] = 'A:/2020.3.31f1/Editor/Data/MonoBleedingEdge/lib/mono/unityjit'
Mono config path = 'A:/2020.3.31f1/Editor/Data/MonoBleedingEdge/etc'
Using monoOptions --debugger-agent=transport=dt_socket,embedding=1,server=y,suspend=n,address=127.0.0.1:56660
Begin MonoManager ReloadAssembly
Registering precompiled unity dll's ...
Register platform support module: A:/2020.3.31f1/Editor/Data/PlaybackEngines/WebGLSupport/UnityEditor.WebGL.Extensions.dll
Register platform support module: A:/2020.3.31f1/Editor/Data/PlaybackEngines/WindowsStandaloneSupport/UnityEditor.WindowsStandalone.Extensions.dll
Registered in 0.000760 seconds.
Native extension for WindowsStandalone target not found
Native extension for WebGL target not found
Refreshing native plugins compatible for Editor in 21.85 ms, found 2 plugins.
Preloading 0 native plugins for Editor in 0.00 ms.
Mono: successfully reloaded assembly
- Completed reload, in  0.389 seconds
Domain Reload Profiling:
	ReloadAssembly (389ms)
		BeginReloadAssembly (42ms)
			ExecutionOrderSort (0ms)
			DisableScriptedObjects (0ms)
			BackupInstance (0ms)
			ReleaseScriptingObjects (0ms)
			CreateAndSetChildDomain (1ms)
		EndReloadAssembly (300ms)
			LoadAssemblies (42ms)
			RebuildTransferFunctionScriptingTraits (0ms)
			SetupTypeCache (107ms)
			ReleaseScriptCaches (0ms)
			RebuildScriptCaches (18ms)
			SetupLoadedEditorAssemblies (108ms)
				LogAssemblyErrors (0ms)
				InitializePlatformSupportModulesInManaged (3ms)
				SetLoadedEditorAssemblies (0ms)
				RefreshPlugins (22ms)
				BeforeProcessingInitializeOnLoad (6ms)
				ProcessInitializeOnLoadAttributes (58ms)
				ProcessInitializeOnLoadMethodAttributes (19ms)
				AfterProcessingInitializeOnLoad (0ms)
				EditorAssembliesLoaded (0ms)
			ExecutionOrderSort2 (0ms)
			AwakeInstancesAfterBackupRestoration (0ms)
Platform modules already initialized, skipping
Registering precompiled user dll's ...
Registered in 0.001359 seconds.
Begin MonoManager ReloadAssembly
Native extension for WindowsStandalone target not found
Native extension for WebGL target not found
Refreshing native plugins compatible for Editor in 0.29 ms, found 2 plugins.
Preloading 0 native plugins for Editor in 0.00 ms.
Mono: successfully reloaded assembly
- Completed reload, in  0.596 seconds
Domain Reload Profiling:
	ReloadAssembly (596ms)
		BeginReloadAssembly (91ms)
			ExecutionOrderSort (0ms)
			DisableScriptedObjects (3ms)
			BackupInstance (0ms)
			ReleaseScriptingObjects (0ms)
			CreateAndSetChildDomain (14ms)
		EndReloadAssembly (468ms)
			LoadAssemblies (56ms)
			RebuildTransferFunctionScriptingTraits (0ms)
			SetupTypeCache (157ms)
			ReleaseScriptCaches (0ms)
			RebuildScriptCaches (23ms)
			SetupLoadedEditorAssemblies (183ms)
				LogAssemblyErrors (0ms)
				InitializePlatformSupportModulesInManaged (3ms)
				SetLoadedEditorAssemblies (0ms)
				RefreshPlugins (0ms)
				BeforeProcessingInitializeOnLoad (35ms)
				ProcessInitializeOnLoadAttributes (136ms)
				ProcessInitializeOnLoadMethodAttributes (6ms)
				AfterProcessingInitializeOnLoad (1ms)
				EditorAssembliesLoaded (0ms)
			ExecutionOrderSort2 (0ms)
			AwakeInstancesAfterBackupRestoration (4ms)
Platform modules already initialized, skipping
========================================================================
Worker process is ready to serve import requests
Launched and connected shader compiler UnityShaderCompiler.exe after 0.03 seconds
Refreshing native plugins compatible for Editor in 0.28 ms, found 2 plugins.
Preloading 0 native plugins for Editor in 0.00 ms.
Unloading 1509 Unused Serialized files (Serialized files now loaded: 0)
System memory in use before: 82.5 MB.
System memory in use after: 82.6 MB.

Unloading 16 unused Assets to reduce memory usage. Loaded Objects now: 1963.
Total: 2.369600 ms (FindLiveObjects: 0.120400 ms CreateObjectMapping: 0.041000 ms MarkObjects: 2.158600 ms  DeleteObjects: 0.048800 ms)

AssetImportParameters requested are different than current active one (requested -> active):
  custom:framework-win-MediaFoundation: 216162199b28c13a410421893ffa2e32 -> 
  custom:video-decoder-ogg-theora: a1e56fd34408186e4bbccfd4996cb3dc -> 
  custom:container-muxer-webm: aa71ff27fc2769a1b78a27578f13a17b -> 
  custom:container-demuxer-webm: 4f35f7cbe854078d1ac9338744f61a02 -> 
  custom:container-demuxer-ogg: 62fdf1f143b41e24485cea50d1cbac27 -> 
  custom:video-encoder-webm-vp8: eb34c28f22e8b96e1ab97ce403110664 -> 
  custom:video-decoder-webm-vp8: 9c59270c3fd7afecdb556c50c9e8de78 -> 
  custom:audio-decoder-ogg-vorbis: bf7c407c2cedff20999df2af8eb42d56 -> 
  custom:audio-encoder-webm-vorbis: bf7c407c2cedff20999df2af8eb42d56 -> 
========================================================================
Received Import Request.
  path: Assets/NewBrush 2.brush
  artifactKey: Guid(6eb83431e87ad67418017cac16af5c9e) Importer(815301076,1909f56bfc062723c751e8b465ee728b)
Start importing Assets/NewBrush 2.brush using Guid(6eb83431e87ad67418017cac16af5c9e) Importer(815301076,1909f56bfc062723c751e8b465ee728b)  -> (artifact id: 'b16e50e88c2bbac00dec18b7b84bb517') in 0.082430 seconds 
========================================================================
Received Import Request.
  Time since last request: 0.000099 seconds.
  path: Assets/New Terrain.asset
  artifactKey: Guid(ffd5c6e3260673f4fa6ef0cca416dce1) Importer(815301076,1909f56bfc062723c751e8b465ee728b)
Start importing Assets/New Terrain.asset using Guid(ffd5c6e3260673f4fa6ef0cca416dce1) Importer(815301076,1909f56bfc062723c751e8b465ee728b)  -> (artifact id: '7c1a2e88ac14cf20d39511e62599bb03') in 0.018788 seconds 
========================================================================
Received Import Request.
  Time since last request: 0.000087 seconds.
  path: Assets/New Terrain 1.asset
  artifactKey: Guid(0279817cfe1fe1a4b85b7befbd49a139) Importer(815301076,1909f56bfc062723c751e8b465ee728b)
Start importing Assets/New Terrain 1.asset using Guid(0279817cfe1fe1a4b85b7befbd49a139) Importer(815301076,1909f56bfc062723c751e8b465ee728b)  -> (artifact id: 'ff55ddea848d0338793975c8cfe2fa49') in 0.015412 seconds 
========================================================================
Received Import Request.
  Time since last request: 0.000084 seconds.
  path: Assets/NewBrush.brush
  artifactKey: Guid(96fb14e4670bbbd4c9c1ce88e55128dc) Importer(815301076,1909f56bfc062723c751e8b465ee728b)
Start importing Assets/NewBrush.brush using Guid(96fb14e4670bbbd4c9c1ce88e55128dc) Importer(815301076,1909f56bfc062723c751e8b465ee728b)  -> (artifact id: '83d62f3d1f793204184cd6c644ef54aa') in 0.024418 seconds 
========================================================================
Received Import Request.
  Time since last request: 0.000087 seconds.
  path: Assets/NewBrush 1.brush
  artifactKey: Guid(af5841f007e216440827e851bad76b33) Importer(815301076,1909f56bfc062723c751e8b465ee728b)
Start importing Assets/NewBrush 1.brush using Guid(af5841f007e216440827e851bad76b33) Importer(815301076,1909f56bfc062723c751e8b465ee728b)  -> (artifact id: '9ef90cf16478384728633e8927030409') in 0.023237 seconds 
========================================================================
Received Import Request.
  Time since last request: 0.000091 seconds.
  path: Assets/Gameboy.mat
  artifactKey: Guid(2d4597d0712e8f0418c16c14daa7d01f) Importer(815301076,1909f56bfc062723c751e8b465ee728b)
Start importing Assets/Gameboy.mat using Guid(2d4597d0712e8f0418c16c14daa7d01f) Importer(815301076,1909f56bfc062723c751e8b465ee728b)  -> (artifact id: 'c852776a597eb154840486fdfa69ce6f') in 0.086791 seconds 
========================================================================
Received Import Request.
  Time since last request: 0.000102 seconds.
  path: Assets/New Terrain 2.asset
  artifactKey: Guid(e21d039ee6a3cd04da5f78510ba48111) Importer(815301076,1909f56bfc062723c751e8b465ee728b)
Start importing Assets/New Terrain 2.asset using Guid(e21d039ee6a3cd04da5f78510ba48111) Importer(815301076,1909f56bfc062723c751e8b465ee728b)  -> (artifact id: '1f3b42c36286e9bd0549474daba9873d') in 0.016604 seconds 
========================================================================
Received Import Request.
  Time since last request: 0.000096 seconds.
  path: Assets/IdentityM.mat
  artifactKey: Guid(f23e80402174aa34cac8fed8ce4c994e) Importer(815301076,1909f56bfc062723c751e8b465ee728b)
Start importing Assets/IdentityM.mat using Guid(f23e80402174aa34cac8fed8ce4c994e) Importer(815301076,1909f56bfc062723c751e8b465ee728b)  -> (artifact id: '5604fb06eac29b228f46abca215e9f48') in 0.020801 seconds 
========================================================================
Received Import Request.
  Time since last request: 1376.191877 seconds.
  path: Assets/Pure Poly/Free Low Poly Nature Pack/Meshes/PP_Birch_Tree_05.fbx
  artifactKey: Guid(d721af70c8ba1ab4daa81f30de0dbb54) Importer(815301076,1909f56bfc062723c751e8b465ee728b)
Start importing Assets/Pure Poly/Free Low Poly Nature Pack/Meshes/PP_Birch_Tree_05.fbx using Guid(d721af70c8ba1ab4daa81f30de0dbb54) Importer(815301076,1909f56bfc062723c751e8b465ee728b)  -> (artifact id: '0b32dabe0f1c1e433f6e0aeb92a48ec5') in 0.144118 seconds 
========================================================================
Received Import Request.
  Time since last request: 0.000091 seconds.
  path: Assets/Pure Poly/Free Low Poly Nature Pack/Meshes/PP_Mushroom_Fantasy_Orange_10.fbx
  artifactKey: Guid(769bcb364254fc84f86c3bde2b625a9f) Importer(815301076,1909f56bfc062723c751e8b465ee728b)
Start importing Assets/Pure Poly/Free Low Poly Nature Pack/Meshes/PP_Mushroom_Fantasy_Orange_10.fbx using Guid(769bcb364254fc84f86c3bde2b625a9f) Importer(815301076,1909f56bfc062723c751e8b465ee728b)  -> (artifact id: 'fa76b46b69f3b8e60b067adbb668529a') in 0.037010 seconds 
========================================================================
Received Import Request.
  Time since last request: 0.000087 seconds.
  path: Assets/Pure Poly/Free Low Poly Nature Pack/Meshes/PP_Hyacinth_04.fbx
  artifactKey: Guid(46d171de72518e343891c4b4c03e5103) Importer(815301076,1909f56bfc062723c751e8b465ee728b)
Start importing Assets/Pure Poly/Free Low Poly Nature Pack/Meshes/PP_Hyacinth_04.fbx using Guid(46d171de72518e343891c4b4c03e5103) Importer(815301076,1909f56bfc062723c751e8b465ee728b)  -> (artifact id: 'ceeec5865074ddd88abf782067261602') in 0.033393 seconds 
========================================================================
Received Import Request.
  Time since last request: 0.000086 seconds.
  path: Assets/Pure Poly/Free Low Poly Nature Pack/Meshes/PP_Forest_Mountain_Moss_01.fbx
  artifactKey: Guid(d818648c1b009ab48a03dbcc4ae09583) Importer(815301076,1909f56bfc062723c751e8b465ee728b)
Start importing Assets/Pure Poly/Free Low Poly Nature Pack/Meshes/PP_Forest_Mountain_Moss_01.fbx using Guid(d818648c1b009ab48a03dbcc4ae09583) Importer(815301076,1909f56bfc062723c751e8b465ee728b)  -> (artifact id: 'e6b60565dbca52020a1a1c0e9fca46f5') in 0.030797 seconds 
========================================================================
Received Import Request.
  Time since last request: 0.000094 seconds.
  path: Assets/Pure Poly/Free Low Poly Nature Pack/Meshes/PP_Birch_Tree_06.fbx
  artifactKey: Guid(ddd36401006c8654eae1d9a6bcd6380d) Importer(815301076,1909f56bfc062723c751e8b465ee728b)
Start importing Assets/Pure Poly/Free Low Poly Nature Pack/Meshes/PP_Birch_Tree_06.fbx using Guid(ddd36401006c8654eae1d9a6bcd6380d) Importer(815301076,1909f56bfc062723c751e8b465ee728b)  -> (artifact id: '64ddfa6be348bd3d3d2d4b88fd2de676') in 0.080335 seconds 
========================================================================
Received Import Request.
  Time since last request: 0.000089 seconds.
  path: Assets/Pure Poly/Free Low Poly Nature Pack/Meshes/PP_Meadow_Path_05.fbx
  artifactKey: Guid(324d33f3ad1481c4e8ba55d696fe64d9) Importer(815301076,1909f56bfc062723c751e8b465ee728b)
Start importing Assets/Pure Poly/Free Low Poly Nature Pack/Meshes/PP_Meadow_Path_05.fbx using Guid(324d33f3ad1481c4e8ba55d696fe64d9) Importer(815301076,1909f56bfc062723c751e8b465ee728b)  -> (artifact id: '34894be0f4ba934eb2d7ed6c518be050') in 0.028042 seconds 
========================================================================
Received Import Request.
  Time since last request: 0.000081 seconds.
  path: Assets/Pure Poly/Free Low Poly Nature Pack/Meshes/PP_Mushroom_Fantasy_Orange_09.fbx
  artifactKey: Guid(43f6c6253561ce74b9f993709176caff) Importer(815301076,1909f56bfc062723c751e8b465ee728b)
Start importing Assets/Pure Poly/Free Low Poly Nature Pack/Meshes/PP_Mushroom_Fantasy_Orange_09.fbx using Guid(43f6c6253561ce74b9f993709176caff) Importer(815301076,1909f56bfc062723c751e8b465ee728b)  -> (artifact id: 'ee4dc83907d3598503b29867adda072a') in 0.036982 seconds 
========================================================================
Received Import Request.
  Time since last request: 0.000084 seconds.
  path: Assets/Pure Poly/Free Low Poly Nature Pack/Meshes/PP_Grass_15.fbx
  artifactKey: Guid(ac41480a091ee2446a41d386b366ae44) Importer(815301076,1909f56bfc062723c751e8b465ee728b)
Start importing Assets/Pure Poly/Free Low Poly Nature Pack/Meshes/PP_Grass_15.fbx using Guid(ac41480a091ee2446a41d386b366ae44) Importer(815301076,1909f56bfc062723c751e8b465ee728b)  -> (artifact id: '8490cb6584b83c295283779ce38bb205') in 0.037664 seconds 
========================================================================
Received Import Request.
  Time since last request: 0.000100 seconds.
  path: Assets/Pure Poly/Free Low Poly Nature Pack/Meshes/PP_Sunflower_04.fbx
  artifactKey: Guid(5374e258aa8b0a54b9ad017e47f849ec) Importer(815301076,1909f56bfc062723c751e8b465ee728b)
Start importing Assets/Pure Poly/Free Low Poly Nature Pack/Meshes/PP_Sunflower_04.fbx using Guid(5374e258aa8b0a54b9ad017e47f849ec) Importer(815301076,1909f56bfc062723c751e8b465ee728b)  -> (artifact id: '65f3f3430af02a0fa0c35f4c39b658e2') in 0.036531 seconds 
========================================================================
Received Import Request.
  Time since last request: 0.000094 seconds.
  path: Assets/Pure Poly/Free Low Poly Nature Pack/Meshes/PP_Daffodil_03.fbx
  artifactKey: Guid(4e40842238bcca046a7c50ffff32b019) Importer(815301076,1909f56bfc062723c751e8b465ee728b)
Start importing Assets/Pure Poly/Free Low Poly Nature Pack/Meshes/PP_Daffodil_03.fbx using Guid(4e40842238bcca046a7c50ffff32b019) Importer(815301076,1909f56bfc062723c751e8b465ee728b)  -> (artifact id: '314db0948bff24f7267cea325c87f88e') in 0.035629 seconds 
========================================================================
Received Import Request.
  Time since last request: 0.000089 seconds.
  path: Assets/Pure Poly/Free Low Poly Nature Pack/Meshes/PP_Forest_Mountain_Moss_02.fbx
  artifactKey: Guid(0a4e8c0b5a685eb4394da10424e65a7a) Importer(815301076,1909f56bfc062723c751e8b465ee728b)
Start importing Assets/Pure Poly/Free Low Poly Nature Pack/Meshes/PP_Forest_Mountain_Moss_02.fbx using Guid(0a4e8c0b5a685eb4394da10424e65a7a) Importer(815301076,1909f56bfc062723c751e8b465ee728b)  -> (artifact id: '1458ed74e3e1814fad214e401c6963d7') in 0.035502 seconds 
========================================================================
Received Import Request.
  Time since last request: 0.000112 seconds.
  path: Assets/Pure Poly/Free Low Poly Nature Pack/Meshes/PP_Mushroom_Fantasy_Purple_08.fbx
  artifactKey: Guid(6aac2ae04e9a93646918391471e1a564) Importer(815301076,1909f56bfc062723c751e8b465ee728b)
Start importing Assets/Pure Poly/Free Low Poly Nature Pack/Meshes/PP_Mushroom_Fantasy_Purple_08.fbx using Guid(6aac2ae04e9a93646918391471e1a564) Importer(815301076,1909f56bfc062723c751e8b465ee728b)  -> (artifact id: '2998a218c9431dad2eb1874b32ab283c') in 0.053797 seconds 
========================================================================
Received Import Request.
  Time since last request: 0.000115 seconds.
  path: Assets/Pure Poly/Free Low Poly Nature Pack/Meshes/PP_Meadow_08.fbx
  artifactKey: Guid(08eefc2f613faa34fbb717ac2142af0a) Importer(815301076,1909f56bfc062723c751e8b465ee728b)
Start importing Assets/Pure Poly/Free Low Poly Nature Pack/Meshes/PP_Meadow_08.fbx using Guid(08eefc2f613faa34fbb717ac2142af0a) Importer(815301076,1909f56bfc062723c751e8b465ee728b)  -> (artifact id: 'ffcf5869acfe6ddc739b205e39638847') in 0.030249 seconds 
========================================================================
Received Import Request.
  Time since last request: 0.000104 seconds.
  path: Assets/Pure Poly/Free Low Poly Nature Pack/Meshes/PP_Lake_Ground_04.fbx
  artifactKey: Guid(38b178f6a1ea19f4baf761918779b712) Importer(815301076,1909f56bfc062723c751e8b465ee728b)
Start importing Assets/Pure Poly/Free Low Poly Nature Pack/Meshes/PP_Lake_Ground_04.fbx using Guid(38b178f6a1ea19f4baf761918779b712) Importer(815301076,1909f56bfc062723c751e8b465ee728b)  -> (artifact id: '2ec4381f38c72032677ef26acb036440') in 0.031259 seconds 
========================================================================
Received Import Request.
  Time since last request: 0.000096 seconds.
  path: Assets/Pure Poly/Free Low Poly Nature Pack/Meshes/PP_Rock_Pile_Forest_Moss_05.fbx
  artifactKey: Guid(b0ba9b7cecd675b45894beca57389899) Importer(815301076,1909f56bfc062723c751e8b465ee728b)
Start importing Assets/Pure Poly/Free Low Poly Nature Pack/Meshes/PP_Rock_Pile_Forest_Moss_05.fbx using Guid(b0ba9b7cecd675b45894beca57389899) Importer(815301076,1909f56bfc062723c751e8b465ee728b)  -> (artifact id: '94acc249f12f9355fe6d96d3edb31017') in 0.028934 seconds 
========================================================================
Received Import Request.
  Time since last request: 0.000100 seconds.
  path: Assets/Pure Poly/Free Low Poly Nature Pack/Meshes/PP_Meadow_07.fbx
  artifactKey: Guid(5d113e0df0acd474cb544e13e9327875) Importer(815301076,1909f56bfc062723c751e8b465ee728b)
Start importing Assets/Pure Poly/Free Low Poly Nature Pack/Meshes/PP_Meadow_07.fbx using Guid(5d113e0df0acd474cb544e13e9327875) Importer(815301076,1909f56bfc062723c751e8b465ee728b)  -> (artifact id: '4b2508a83e410ffeb721fedaa5764e8b') in 0.027972 seconds 
========================================================================
Received Import Request.
  Time since last request: 0.000095 seconds.
  path: Assets/Pure Poly/Free Low Poly Nature Pack/Meshes/PP_Grass_11.fbx
  artifactKey: Guid(b50dd34feb8fa1b4fa5aa0a7d2271066) Importer(815301076,1909f56bfc062723c751e8b465ee728b)
Start importing Assets/Pure Poly/Free Low Poly Nature Pack/Meshes/PP_Grass_11.fbx using Guid(b50dd34feb8fa1b4fa5aa0a7d2271066) Importer(815301076,1909f56bfc062723c751e8b465ee728b)  -> (artifact id: '5768092a4689e6148c773acb2f172578') in 0.028161 seconds 
========================================================================
Received Import Request.
  Time since last request: 0.000089 seconds.
  path: Assets/Pure Poly/Free Low Poly Nature Pack/Meshes/PP_Mushroom_Fantasy_Purple_05.fbx
  artifactKey: Guid(7259cce9d7302d44a8f8bf53cb1bc376) Importer(815301076,1909f56bfc062723c751e8b465ee728b)
Start importing Assets/Pure Poly/Free Low Poly Nature Pack/Meshes/PP_Mushroom_Fantasy_Purple_05.fbx using Guid(7259cce9d7302d44a8f8bf53cb1bc376) Importer(815301076,1909f56bfc062723c751e8b465ee728b)  -> (artifact id: '326ca793e2159edbcbc8883892143356') in 0.029412 seconds 
========================================================================
Received Import Request.
  Time since last request: 0.000100 seconds.
  path: Assets/Pure Poly/Free Low Poly Nature Pack/Meshes/PP_Rock_Moss_Grown_09.fbx
  artifactKey: Guid(3184c8a016da6e34abff1686da99650b) Importer(815301076,1909f56bfc062723c751e8b465ee728b)
Start importing Assets/Pure Poly/Free Low Poly Nature Pack/Meshes/PP_Rock_Moss_Grown_09.fbx using Guid(3184c8a016da6e34abff1686da99650b) Importer(815301076,1909f56bfc062723c751e8b465ee728b)  -> (artifact id: 'd23197a4bdcc0fed34479c8fd6af7d83') in 0.026682 seconds 
========================================================================
Received Import Request.
  Time since last request: 0.000099 seconds.
  path: Assets/Pure Poly/Free Low Poly Nature Pack/Meshes/PP_Rock_Moss_Grown_11.fbx
  artifactKey: Guid(7ed75b99c26237b4d844c1581c5da1b2) Importer(815301076,1909f56bfc062723c751e8b465ee728b)
Start importing Assets/Pure Poly/Free Low Poly Nature Pack/Meshes/PP_Rock_Moss_Grown_11.fbx using Guid(7ed75b99c26237b4d844c1581c5da1b2) Importer(815301076,1909f56bfc062723c751e8b465ee728b)  -> (artifact id: '8ee089bd284a982091ec883d82c4d91e') in 0.028413 seconds 
========================================================================
Received Import Request.
  Time since last request: 0.000102 seconds.
  path: Assets/Pure Poly/Free Low Poly Nature Pack/Meshes/PP_Tree_02.fbx
  artifactKey: Guid(c6b568bf9e55de141add501b8cd2a0e9) Importer(815301076,1909f56bfc062723c751e8b465ee728b)
Start importing Assets/Pure Poly/Free Low Poly Nature Pack/Meshes/PP_Tree_02.fbx using Guid(c6b568bf9e55de141add501b8cd2a0e9) Importer(815301076,1909f56bfc062723c751e8b465ee728b)  -> (artifact id: 'e49aaaf9e19dfdef6c0d17700b510a23') in 0.027453 seconds 
========================================================================
Received Import Request.
  Time since last request: 0.000086 seconds.
  path: Assets/Pure Poly/Free Low Poly Nature Pack/Meshes/PP_Tree_10.fbx
  artifactKey: Guid(a3ccb41ae53c6bf4bb0a5bfc470bf069) Importer(815301076,1909f56bfc062723c751e8b465ee728b)
Start importing Assets/Pure Poly/Free Low Poly Nature Pack/Meshes/PP_Tree_10.fbx using Guid(a3ccb41ae53c6bf4bb0a5bfc470bf069) Importer(815301076,1909f56bfc062723c751e8b465ee728b)  -> (artifact id: 'f58de4219fe5b9577ab015a2c5b0e0f3') in 0.027472 seconds 
========================================================================
Received Import Request.
  Time since last request: 0.000107 seconds.
  path: Assets/Pure Poly/Free Low Poly Nature Pack/Meshes/PP_Rock_Pile_Forest_Moss_10.fbx
  artifactKey: Guid(7ea25f0f06a711d48a2bd754e29ecb0e) Importer(815301076,1909f56bfc062723c751e8b465ee728b)
Start importing Assets/Pure Poly/Free Low Poly Nature Pack/Meshes/PP_Rock_Pile_Forest_Moss_10.fbx using Guid(7ea25f0f06a711d48a2bd754e29ecb0e) Importer(815301076,1909f56bfc062723c751e8b465ee728b)  -> (artifact id: 'a22954a7894f359da63b7b58f7200abe') in 0.027855 seconds 
========================================================================
Received Import Request.
  Time since last request: 6.582662 seconds.
  path: Assets/StylizedGrass/Grass Profile.asset
  artifactKey: Guid(ad90d254e63fed849b487d547a6add68) Importer(815301076,1909f56bfc062723c751e8b465ee728b)
Start importing Assets/StylizedGrass/Grass Profile.asset using Guid(ad90d254e63fed849b487d547a6add68) Importer(815301076,1909f56bfc062723c751e8b465ee728b)  -> (artifact id: 'a898b7e4b85f3aa72c18bc01bdfbe4d6') in 0.013611 seconds 
========================================================================
Received Import Request.
  Time since last request: 505.558033 seconds.
  path: Assets/Scenes/Playground.unity
  artifactKey: Guid(9fc0d4010bbf28b4594072e72b8655ab) Importer(815301076,1909f56bfc062723c751e8b465ee728b)
Start importing Assets/Scenes/Playground.unity using Guid(9fc0d4010bbf28b4594072e72b8655ab) Importer(815301076,1909f56bfc062723c751e8b465ee728b)  -> (artifact id: '2477c6858d51a0f8fb16357a0168b61a') in 0.013531 seconds 
========================================================================
Received Prepare
Registering precompiled user dll's ...
Registered in 0.044237 seconds.
Begin MonoManager ReloadAssembly
Native extension for WindowsStandalone target not found
Native extension for WebGL target not found
Refreshing native plugins compatible for Editor in 0.32 ms, found 2 plugins.
Preloading 0 native plugins for Editor in 0.00 ms.
Mono: successfully reloaded assembly
- Completed reload, in  0.601 seconds
Domain Reload Profiling:
	ReloadAssembly (601ms)
		BeginReloadAssembly (81ms)
			ExecutionOrderSort (0ms)
			DisableScriptedObjects (3ms)
			BackupInstance (0ms)
			ReleaseScriptingObjects (0ms)
			CreateAndSetChildDomain (25ms)
		EndReloadAssembly (480ms)
			LoadAssemblies (60ms)
			RebuildTransferFunctionScriptingTraits (0ms)
			SetupTypeCache (177ms)
			ReleaseScriptCaches (1ms)
			RebuildScriptCaches (21ms)
			SetupLoadedEditorAssemblies (171ms)
				LogAssemblyErrors (0ms)
				InitializePlatformSupportModulesInManaged (4ms)
				SetLoadedEditorAssemblies (0ms)
				RefreshPlugins (0ms)
				BeforeProcessingInitializeOnLoad (31ms)
				ProcessInitializeOnLoadAttributes (128ms)
				ProcessInitializeOnLoadMethodAttributes (6ms)
				AfterProcessingInitializeOnLoad (1ms)
				EditorAssembliesLoaded (0ms)
			ExecutionOrderSort2 (0ms)
			AwakeInstancesAfterBackupRestoration (4ms)
Platform modules already initialized, skipping
Refreshing native plugins compatible for Editor in 0.35 ms, found 2 plugins.
Preloading 0 native plugins for Editor in 0.00 ms.
Unloading 1502 Unused Serialized files (Serialized files now loaded: 0)
System memory in use before: 85.8 MB.
System memory in use after: 85.9 MB.

Unloading 12 unused Assets to reduce memory usage. Loaded Objects now: 2015.
Total: 2.043800 ms (FindLiveObjects: 0.128400 ms CreateObjectMapping: 0.038900 ms MarkObjects: 1.856500 ms  DeleteObjects: 0.019300 ms)

AssetImportParameters requested are different than current active one (requested -> active):
  custom:framework-win-MediaFoundation: 216162199b28c13a410421893ffa2e32 -> 
  custom:video-decoder-ogg-theora: a1e56fd34408186e4bbccfd4996cb3dc -> 
  custom:container-muxer-webm: aa71ff27fc2769a1b78a27578f13a17b -> 
  custom:container-demuxer-webm: 4f35f7cbe854078d1ac9338744f61a02 -> 
  custom:container-demuxer-ogg: 62fdf1f143b41e24485cea50d1cbac27 -> 
  custom:video-encoder-webm-vp8: eb34c28f22e8b96e1ab97ce403110664 -> 
  custom:video-decoder-webm-vp8: 9c59270c3fd7afecdb556c50c9e8de78 -> 
  custom:audio-decoder-ogg-vorbis: bf7c407c2cedff20999df2af8eb42d56 -> 
  custom:audio-encoder-webm-vorbis: bf7c407c2cedff20999df2af8eb42d56 -> 
========================================================================
Received Import Request.
  Time since last request: 586.606026 seconds.
  path: Assets/ModularFirstPersonController/FirstPersonController
  artifactKey: Guid(f37b4faf82d1edb47811f804ec33f9da) Importer(815301076,1909f56bfc062723c751e8b465ee728b)
Start importing Assets/ModularFirstPersonController/FirstPersonController using Guid(f37b4faf82d1edb47811f804ec33f9da) Importer(815301076,1909f56bfc062723c751e8b465ee728b)  -> (artifact id: 'ff63d7d72f2b3a1f9d4f6f4757373b64') in 0.015653 seconds 
========================================================================
Received Import Request.
  Time since last request: 0.043633 seconds.
  path: Assets/ModularFirstPersonController/FirstPersonController/CircleReticle.png
  artifactKey: Guid(be4ce60e2c9768c44b9b10b9c5258045) Importer(815301076,1909f56bfc062723c751e8b465ee728b)
Start importing Assets/ModularFirstPersonController/FirstPersonController/CircleReticle.png using Guid(be4ce60e2c9768c44b9b10b9c5258045) Importer(815301076,1909f56bfc062723c751e8b465ee728b)  -> (artifact id: '77496d005cfebb7b64ace53e7e656ba7') in 0.050397 seconds 
========================================================================
Received Import Request.
  Time since last request: 0.000090 seconds.
  path: Assets/ModularFirstPersonController/FirstPersonController/FirstPersonController.prefab
  artifactKey: Guid(6bacecc4f3df9584198879c73a6b6c36) Importer(815301076,1909f56bfc062723c751e8b465ee728b)
Start importing Assets/ModularFirstPersonController/FirstPersonController/FirstPersonController.prefab using Guid(6bacecc4f3df9584198879c73a6b6c36) Importer(815301076,1909f56bfc062723c751e8b465ee728b)  -> (artifact id: '63b6cc0ce56c7fd15a62e86edc0b6bab') in 0.043303 seconds 
========================================================================
Received Import Request.
  Time since last request: 260.252762 seconds.
  path: Assets/ModularFirstPersonController/DemoScene/Gridbox Prototype Materials/Resources/Materials/Prototype Grid/Prototype_512x512_Blue1.mat
  artifactKey: Guid(663834164c6a04740aaa1b778249ce7e) Importer(815301076,1909f56bfc062723c751e8b465ee728b)
Start importing Assets/ModularFirstPersonController/DemoScene/Gridbox Prototype Materials/Resources/Materials/Prototype Grid/Prototype_512x512_Blue1.mat using Guid(663834164c6a04740aaa1b778249ce7e) Importer(815301076,1909f56bfc062723c751e8b465ee728b)  -> (artifact id: 'dfa0df869fee1ad0cc63c1bfaee8b380') in 0.541188 seconds 
========================================================================
Received Import Request.
  Time since last request: 0.000105 seconds.
  path: Assets/ModularFirstPersonController/DemoScene/Gridbox Prototype Materials/Resources/Materials/Prototype Grid/Prototype_512x512_Red.mat
  artifactKey: Guid(5a26de236ce89e94b963be8fa2b7ade6) Importer(815301076,1909f56bfc062723c751e8b465ee728b)
Start importing Assets/ModularFirstPersonController/DemoScene/Gridbox Prototype Materials/Resources/Materials/Prototype Grid/Prototype_512x512_Red.mat using Guid(5a26de236ce89e94b963be8fa2b7ade6) Importer(815301076,1909f56bfc062723c751e8b465ee728b)  -> (artifact id: '2c3ccdfada84c09a3690e161e541abcc') in 0.026239 seconds 
========================================================================
Received Import Request.
  Time since last request: 0.000111 seconds.
  path: Assets/ModularFirstPersonController/DemoScene/Gridbox Prototype Materials/Resources/Materials/Prototype Grid/Prototype_512x512_White.mat
  artifactKey: Guid(aeee7071bea0a4c478b4fea5933c5f79) Importer(815301076,1909f56bfc062723c751e8b465ee728b)
Start importing Assets/ModularFirstPersonController/DemoScene/Gridbox Prototype Materials/Resources/Materials/Prototype Grid/Prototype_512x512_White.mat using Guid(aeee7071bea0a4c478b4fea5933c5f79) Importer(815301076,1909f56bfc062723c751e8b465ee728b)  -> (artifact id: '58a212b22f0e407cc65fe4724de66949') in 0.026522 seconds 
========================================================================
Received Import Request.
  Time since last request: 0.000096 seconds.
  path: Assets/ModularFirstPersonController/DemoScene/Gridbox Prototype Materials/Resources/Materials/Prototype Grid/Prototype_512x512_Grey3.mat
  artifactKey: Guid(17c44fb3e5be9644586a0728a5f5a386) Importer(815301076,1909f56bfc062723c751e8b465ee728b)
Start importing Assets/ModularFirstPersonController/DemoScene/Gridbox Prototype Materials/Resources/Materials/Prototype Grid/Prototype_512x512_Grey3.mat using Guid(17c44fb3e5be9644586a0728a5f5a386) Importer(815301076,1909f56bfc062723c751e8b465ee728b)  -> (artifact id: '262bde25d785675126bfcc49d54fcb70') in 0.026235 seconds 
========================================================================
Received Import Request.
  Time since last request: 0.000107 seconds.
  path: Assets/ModularFirstPersonController/DemoScene/Gridbox Prototype Materials/Resources/Materials/Prototype Grid/Prototype_512x512_Grey4.mat
  artifactKey: Guid(8d530ffe6c4968843806085897955b9d) Importer(815301076,1909f56bfc062723c751e8b465ee728b)
Start importing Assets/ModularFirstPersonController/DemoScene/Gridbox Prototype Materials/Resources/Materials/Prototype Grid/Prototype_512x512_Grey4.mat using Guid(8d530ffe6c4968843806085897955b9d) Importer(815301076,1909f56bfc062723c751e8b465ee728b)  -> (artifact id: '72f8f8e9b891aa332ac90e506959193c') in 0.027810 seconds 
========================================================================
Received Import Request.
  Time since last request: 0.000095 seconds.
  path: Assets/ModularFirstPersonController/DemoScene/Gridbox Prototype Materials/Resources/Materials/Prototype Grid/Prototype_512x512_Green1.mat
  artifactKey: Guid(79f64ed6f5d6d374d91c3a0af4070258) Importer(815301076,1909f56bfc062723c751e8b465ee728b)
Start importing Assets/ModularFirstPersonController/DemoScene/Gridbox Prototype Materials/Resources/Materials/Prototype Grid/Prototype_512x512_Green1.mat using Guid(79f64ed6f5d6d374d91c3a0af4070258) Importer(815301076,1909f56bfc062723c751e8b465ee728b)  -> (artifact id: '440255738024f74a1445396e6661517f') in 0.027373 seconds 
========================================================================
Received Import Request.
  Time since last request: 0.000098 seconds.
  path: Assets/ModularFirstPersonController/DemoScene/Gridbox Prototype Materials/Resources/Materials/Prototype Grid/Prototype_512x512_Blue3.mat
  artifactKey: Guid(b0b4de3bd6e976e4f8b3adc6e72377ed) Importer(815301076,1909f56bfc062723c751e8b465ee728b)
Start importing Assets/ModularFirstPersonController/DemoScene/Gridbox Prototype Materials/Resources/Materials/Prototype Grid/Prototype_512x512_Blue3.mat using Guid(b0b4de3bd6e976e4f8b3adc6e72377ed) Importer(815301076,1909f56bfc062723c751e8b465ee728b)  -> (artifact id: '83d8d08e287362e0b73551acd8ed525b') in 0.027989 seconds 
========================================================================
Received Import Request.
  Time since last request: 0.000097 seconds.
  path: Assets/ModularFirstPersonController/DemoScene/Gridbox Prototype Materials/Resources/Materials/Prototype Grid/Prototype_512x512_Orange.mat
  artifactKey: Guid(652107f36a28e44479c0b827dee5852a) Importer(815301076,1909f56bfc062723c751e8b465ee728b)
Start importing Assets/ModularFirstPersonController/DemoScene/Gridbox Prototype Materials/Resources/Materials/Prototype Grid/Prototype_512x512_Orange.mat using Guid(652107f36a28e44479c0b827dee5852a) Importer(815301076,1909f56bfc062723c751e8b465ee728b)  -> (artifact id: '835f1c9b460a91ed1bf5d4121af2f7b3') in 0.026403 seconds 
========================================================================
Received Import Request.
  Time since last request: 0.000100 seconds.
  path: Assets/ModularFirstPersonController/DemoScene/Gridbox Prototype Materials/Resources/Materials/Prototype Grid/Prototype_512x512_Cyan.mat
  artifactKey: Guid(cba66c276aed0874091de1c33eb3950d) Importer(815301076,1909f56bfc062723c751e8b465ee728b)
Start importing Assets/ModularFirstPersonController/DemoScene/Gridbox Prototype Materials/Resources/Materials/Prototype Grid/Prototype_512x512_Cyan.mat using Guid(cba66c276aed0874091de1c33eb3950d) Importer(815301076,1909f56bfc062723c751e8b465ee728b)  -> (artifact id: '264e5db0bacff88992228f87e90c5a84') in 0.025471 seconds 
========================================================================
Received Import Request.
  Time since last request: 0.000091 seconds.
  path: Assets/ModularFirstPersonController/DemoScene/Gridbox Prototype Materials/Resources/Materials/Prototype Grid/Prototype_512x512_Green2.mat
  artifactKey: Guid(dbe80190c9adea34c8c8845ca4a17934) Importer(815301076,1909f56bfc062723c751e8b465ee728b)
Start importing Assets/ModularFirstPersonController/DemoScene/Gridbox Prototype Materials/Resources/Materials/Prototype Grid/Prototype_512x512_Green2.mat using Guid(dbe80190c9adea34c8c8845ca4a17934) Importer(815301076,1909f56bfc062723c751e8b465ee728b)  -> (artifact id: 'b7c6284a6535ddb4f9599e816164013d') in 0.027859 seconds 
========================================================================
Received Import Request.
  Time since last request: 0.000140 seconds.
  path: Assets/ModularFirstPersonController/DemoScene/Gridbox Prototype Materials/Resources/Materials/Prototype Grid/Prototype_512x512_Grey1.mat
  artifactKey: Guid(c181c23a6120fbe4aadd5bb53a58dd78) Importer(815301076,1909f56bfc062723c751e8b465ee728b)
Start importing Assets/ModularFirstPersonController/DemoScene/Gridbox Prototype Materials/Resources/Materials/Prototype Grid/Prototype_512x512_Grey1.mat using Guid(c181c23a6120fbe4aadd5bb53a58dd78) Importer(815301076,1909f56bfc062723c751e8b465ee728b)  -> (artifact id: '501d9e5aef3db41b5e6ea0d6678e7c09') in 0.027400 seconds 
========================================================================
Received Import Request.
  Time since last request: 0.000119 seconds.
  path: Assets/ModularFirstPersonController/DemoScene/Gridbox Prototype Materials/Resources/Materials/Prototype Grid/Prototype_512x512_Purple.mat
  artifactKey: Guid(36bce9ab6cae8ce43962938466458044) Importer(815301076,1909f56bfc062723c751e8b465ee728b)
Start importing Assets/ModularFirstPersonController/DemoScene/Gridbox Prototype Materials/Resources/Materials/Prototype Grid/Prototype_512x512_Purple.mat using Guid(36bce9ab6cae8ce43962938466458044) Importer(815301076,1909f56bfc062723c751e8b465ee728b)  -> (artifact id: '6aa7e14ca76144a0768ab0607804a0f9') in 0.029189 seconds 
========================================================================
Received Import Request.
  Time since last request: 0.000090 seconds.
  path: Assets/ModularFirstPersonController/DemoScene/Gridbox Prototype Materials/Resources/Materials/Prototype Grid/Prototype_512x512_Yellow.mat
  artifactKey: Guid(c852af001dae0064e9acaa832f1dadb7) Importer(815301076,1909f56bfc062723c751e8b465ee728b)
Start importing Assets/ModularFirstPersonController/DemoScene/Gridbox Prototype Materials/Resources/Materials/Prototype Grid/Prototype_512x512_Yellow.mat using Guid(c852af001dae0064e9acaa832f1dadb7) Importer(815301076,1909f56bfc062723c751e8b465ee728b)  -> (artifact id: '2975d4154cdab928ce27628ddb8f6f78') in 0.026802 seconds 
========================================================================
Received Import Request.
  Time since last request: 0.000097 seconds.
  path: Assets/ModularFirstPersonController/DemoScene/Gridbox Prototype Materials/Resources/Materials/Prototype Grid/Prototype_512x512_Grey2.mat
  artifactKey: Guid(07dc66ae04b7f6a43b9674bf0fefb33a) Importer(815301076,1909f56bfc062723c751e8b465ee728b)
Start importing Assets/ModularFirstPersonController/DemoScene/Gridbox Prototype Materials/Resources/Materials/Prototype Grid/Prototype_512x512_Grey2.mat using Guid(07dc66ae04b7f6a43b9674bf0fefb33a) Importer(815301076,1909f56bfc062723c751e8b465ee728b)  -> (artifact id: 'be41461f6c569f4d8ddcecbd8020076a') in 0.026693 seconds 
========================================================================
Received Import Request.
  Time since last request: 0.000101 seconds.
  path: Assets/ModularFirstPersonController/DemoScene/Gridbox Prototype Materials/Resources/Materials/Prototype Grid/Prototype_512x512_Brown.mat
  artifactKey: Guid(a54b7ad866d3a9b47bbf3b53baa0acc4) Importer(815301076,1909f56bfc062723c751e8b465ee728b)
Start importing Assets/ModularFirstPersonController/DemoScene/Gridbox Prototype Materials/Resources/Materials/Prototype Grid/Prototype_512x512_Brown.mat using Guid(a54b7ad866d3a9b47bbf3b53baa0acc4) Importer(815301076,1909f56bfc062723c751e8b465ee728b)  -> (artifact id: '3aa7f13f7c80116210fab8345121e88d') in 0.025328 seconds 
========================================================================
Received Import Request.
  Time since last request: 0.000094 seconds.
  path: Assets/ModularFirstPersonController/DemoScene/Gridbox Prototype Materials/Resources/Materials/Prototype Grid/Prototype_512x512_Blue2.mat
  artifactKey: Guid(5e148de6cdf2d164aa3e3f90ce8c852c) Importer(815301076,1909f56bfc062723c751e8b465ee728b)
Start importing Assets/ModularFirstPersonController/DemoScene/Gridbox Prototype Materials/Resources/Materials/Prototype Grid/Prototype_512x512_Blue2.mat using Guid(5e148de6cdf2d164aa3e3f90ce8c852c) Importer(815301076,1909f56bfc062723c751e8b465ee728b)  -> (artifact id: '09653f674fe107c37bedda4559f5a624') in 0.026634 seconds 
========================================================================
Received Prepare
Registering precompiled user dll's ...
Registered in 0.001619 seconds.
Begin MonoManager ReloadAssembly
Native extension for WindowsStandalone target not found
Native extension for WebGL target not found
Refreshing native plugins compatible for Editor in 0.32 ms, found 2 plugins.
Preloading 0 native plugins for Editor in 0.00 ms.
Mono: successfully reloaded assembly
- Completed reload, in  0.573 seconds
Domain Reload Profiling:
	ReloadAssembly (574ms)
		BeginReloadAssembly (72ms)
			ExecutionOrderSort (0ms)
			DisableScriptedObjects (2ms)
			BackupInstance (0ms)
			ReleaseScriptingObjects (0ms)
			CreateAndSetChildDomain (22ms)
		EndReloadAssembly (464ms)
			LoadAssemblies (55ms)
			RebuildTransferFunctionScriptingTraits (0ms)
			SetupTypeCache (157ms)
			ReleaseScriptCaches (1ms)
			RebuildScriptCaches (22ms)
			SetupLoadedEditorAssemblies (173ms)
				LogAssemblyErrors (0ms)
				InitializePlatformSupportModulesInManaged (3ms)
				SetLoadedEditorAssemblies (0ms)
				RefreshPlugins (0ms)
				BeforeProcessingInitializeOnLoad (32ms)
				ProcessInitializeOnLoadAttributes (130ms)
				ProcessInitializeOnLoadMethodAttributes (5ms)
				AfterProcessingInitializeOnLoad (1ms)
				EditorAssembliesLoaded (0ms)
			ExecutionOrderSort2 (0ms)
			AwakeInstancesAfterBackupRestoration (5ms)
Platform modules already initialized, skipping
Refreshing native plugins compatible for Editor in 0.28 ms, found 2 plugins.
Preloading 0 native plugins for Editor in 0.00 ms.
Unloading 1502 Unused Serialized files (Serialized files now loaded: 0)
System memory in use before: 86.3 MB.
System memory in use after: 86.4 MB.

Unloading 11 unused Assets to reduce memory usage. Loaded Objects now: 2024.
Total: 2.131200 ms (FindLiveObjects: 0.109400 ms CreateObjectMapping: 0.036700 ms MarkObjects: 1.968200 ms  DeleteObjects: 0.016200 ms)

AssetImportParameters requested are different than current active one (requested -> active):
  custom:framework-win-MediaFoundation: 216162199b28c13a410421893ffa2e32 -> 
  custom:video-decoder-ogg-theora: a1e56fd34408186e4bbccfd4996cb3dc -> 
  custom:container-muxer-webm: aa71ff27fc2769a1b78a27578f13a17b -> 
  custom:container-demuxer-webm: 4f35f7cbe854078d1ac9338744f61a02 -> 
  custom:container-demuxer-ogg: 62fdf1f143b41e24485cea50d1cbac27 -> 
  custom:video-encoder-webm-vp8: eb34c28f22e8b96e1ab97ce403110664 -> 
  custom:video-decoder-webm-vp8: 9c59270c3fd7afecdb556c50c9e8de78 -> 
  custom:audio-decoder-ogg-vorbis: bf7c407c2cedff20999df2af8eb42d56 -> 
  custom:audio-encoder-webm-vorbis: bf7c407c2cedff20999df2af8eb42d56 -> 
AssetImportWorkerClient::OnTransportError - code=2 error=End of file
